2020-06-11 01:36:27,392 [main] INFO  org.mule.module.launcher.application.DefaultMuleApplication - 
++++++++++++++++++++++++++++++++++++++++++++++++++++++++++++
+ Initializing app 'jms_producer'                          +
++++++++++++++++++++++++++++++++++++++++++++++++++++++++++++
2020-06-11 01:36:28,186 [main] INFO  org.mule.lifecycle.AbstractLifecycleManager - Initialising RegistryBroker
2020-06-11 01:36:28,517 [main] INFO  org.mule.module.extension.internal.manager.DefaultExtensionManager - Starting discovery of extensions
2020-06-11 01:36:28,879 [main] INFO  org.mule.module.extension.internal.manager.DefaultExtensionManager - Discovered 1 extensions
2020-06-11 01:36:28,879 [main] INFO  org.mule.module.extension.internal.manager.DefaultExtensionManager - Registering extension validation (version 3.9)
2020-06-11 01:36:29,742 [main] INFO  org.mule.config.spring.MuleArtifactContext - Refreshing org.mule.config.spring.MuleArtifactContext@1b0a7baf: startup date [Thu Jun 11 01:36:29 IST 2020]; root of context hierarchy
2020-06-11 01:36:32,481 [main] INFO  org.mule.config.spring.processors.NoDevkitInjectorProcessor - JSR-330 'javax.inject.Inject' annotation found and supported for autowiring
2020-06-11 01:36:35,480 [main] WARN  org.mule.module.ognl.expression.OgnlExpressionEvaluator - OGNL module is deprecated and will be removed in Mule 4.0. Use MEL expressions instead.
2020-06-11 01:36:36,445 [main] INFO  org.mule.util.journal.TransactionJournal - Using files for tx logs E:\mule-it\.mule\.\.mule\jms_producer\queue-tx-log\tx1.log and E:\mule-it\.mule\.\.mule\jms_producer\queue-tx-log\tx2.log
2020-06-11 01:36:36,476 [main] INFO  org.mule.util.journal.TransactionJournal - Using files for tx logs E:\mule-it\.mule\.\.mule\jms_producer\queue-xa-tx-log\tx1.log and E:\mule-it\.mule\.\.mule\jms_producer\queue-xa-tx-log\tx2.log
2020-06-11 01:36:36,486 [main] INFO  org.mule.lifecycle.AbstractLifecycleManager - Initialising connector: Active_MQ
2020-06-11 01:36:37,400 [main] INFO  org.mule.lifecycle.AbstractLifecycleManager - Initialising model: _muleSystemModel
2020-06-11 01:36:37,409 [main] INFO  org.mule.construct.FlowConstructLifecycleManager - Initialising flow: jms_producerFlow
2020-06-11 01:36:37,409 [main] INFO  org.mule.exception.DefaultMessagingExceptionStrategy - Initialising exception listener: org.mule.exception.DefaultMessagingExceptionStrategy@65cf4d6d
2020-06-11 01:36:37,500 [main] INFO  org.mule.processor.SedaStageLifecycleManager - Initialising service: jms_producerFlow.stage1
2020-06-11 01:36:38,175 [main] INFO  org.mule.config.spring.SpringXmlConfigurationBuilder - Configured Mule using "org.mule.config.spring.SpringXmlConfigurationBuilder" with configuration resource(s): "[ConfigResource{resourceName='E:\mule-it\.mule\apps\jms_producer\jms_producer.xml'}]"
2020-06-11 01:36:38,175 [main] INFO  org.mule.config.builders.AutoConfigurationBuilder - Configured Mule using "org.mule.config.builders.AutoConfigurationBuilder" with configuration resource(s): "[ConfigResource{resourceName='E:\mule-it\.mule\apps\jms_producer\jms_producer.xml'}]"
2020-06-11 01:36:38,182 [main] INFO  com.mulesoft.module.policies.lifecyle.GateKeeper - GateKeeper Mode: DISABLED
2020-06-11 01:36:38,188 [main] INFO  org.mule.module.launcher.application.DefaultMuleApplication - 
++++++++++++++++++++++++++++++++++++++++++++++++++++++++++++
+ Starting app 'jms_producer'                              +
++++++++++++++++++++++++++++++++++++++++++++++++++++++++++++
2020-06-11 01:36:38,210 [main] INFO  org.mule.util.queue.QueueXaResourceManager - Starting ResourceManager
2020-06-11 01:36:38,210 [main] INFO  org.mule.util.queue.QueueXaResourceManager - Started ResourceManager
2020-06-11 01:36:38,304 [main] INFO  org.mule.module.http.internal.listener.DefaultHttpListenerConfig - Listening for requests on http://0.0.0.0:8081/jms
2020-06-11 01:36:39,245 [main] INFO  org.mule.transport.jms.activemq.ActiveMQJmsConnector - Connected: ActiveMQJmsConnector
{
  name=Active_MQ
  lifecycle=initialise
  this=b3e86d5
  numberOfConcurrentTransactedReceivers=4
  createMultipleTransactedReceivers=true
  connected=true
  supportedProtocols=[jms]
  serviceOverrides=<none>
}

2020-06-11 01:36:39,245 [main] INFO  org.mule.transport.jms.activemq.ActiveMQJmsConnector - Starting: ActiveMQJmsConnector
{
  name=Active_MQ
  lifecycle=initialise
  this=b3e86d5
  numberOfConcurrentTransactedReceivers=4
  createMultipleTransactedReceivers=true
  connected=true
  supportedProtocols=[jms]
  serviceOverrides=<none>
}

2020-06-11 01:36:39,289 [main] INFO  org.mule.lifecycle.AbstractLifecycleManager - Starting connector: Active_MQ
2020-06-11 01:36:39,312 [main] INFO  org.mule.lifecycle.AbstractLifecycleManager - Starting model: _muleSystemModel
2020-06-11 01:36:39,317 [main] INFO  org.mule.construct.FlowConstructLifecycleManager - Starting flow: jms_producerFlow
2020-06-11 01:36:39,318 [main] INFO  org.mule.processor.SedaStageLifecycleManager - Starting service: jms_producerFlow.stage1
2020-06-11 01:36:39,484 [main] INFO  org.mule.module.management.agent.WrapperManagerAgent - This JVM hasn't been launched by the wrapper, the agent will not run.
2020-06-11 01:36:39,554 [main] INFO  org.mule.module.management.agent.AbstractJmxAgent - Registered Connector Service with name Mule.jms_producer:type=Connector,name="Active_MQ"
2020-06-11 01:36:39,566 [main] INFO  org.mule.DefaultMuleContext - 
**********************************************************************
* Application: jms_producer                                          *
* OS encoding: \, Mule encoding: UTF-8                               *
*                                                                    *
* Agents Running:                                                    *
*   Batch module default engine                                      *
*   JMX Agent                                                        *
*   Wrapper Manager                                                  *
**********************************************************************
2020-06-11 01:41:37,541 [main] INFO  org.mule.module.launcher.application.DefaultMuleApplication - 
++++++++++++++++++++++++++++++++++++++++++++++++++++++++++++
+ Initializing app 'jms_producer'                          +
++++++++++++++++++++++++++++++++++++++++++++++++++++++++++++
2020-06-11 01:41:38,359 [main] INFO  org.mule.lifecycle.AbstractLifecycleManager - Initialising RegistryBroker
2020-06-11 01:41:38,811 [main] INFO  org.mule.module.extension.internal.manager.DefaultExtensionManager - Starting discovery of extensions
2020-06-11 01:41:39,227 [main] INFO  org.mule.module.extension.internal.manager.DefaultExtensionManager - Discovered 1 extensions
2020-06-11 01:41:39,228 [main] INFO  org.mule.module.extension.internal.manager.DefaultExtensionManager - Registering extension validation (version 3.9)
2020-06-11 01:41:40,110 [main] INFO  org.mule.config.spring.MuleArtifactContext - Refreshing org.mule.config.spring.MuleArtifactContext@740abb5: startup date [Thu Jun 11 01:41:40 IST 2020]; root of context hierarchy
2020-06-11 01:41:43,161 [main] INFO  org.mule.config.spring.processors.NoDevkitInjectorProcessor - JSR-330 'javax.inject.Inject' annotation found and supported for autowiring
2020-06-11 01:41:46,018 [main] WARN  org.mule.module.ognl.expression.OgnlExpressionEvaluator - OGNL module is deprecated and will be removed in Mule 4.0. Use MEL expressions instead.
2020-06-11 01:41:47,133 [main] INFO  org.mule.util.journal.TransactionJournal - Using files for tx logs E:\mule-it\.mule\.\.mule\jms_producer\queue-tx-log\tx1.log and E:\mule-it\.mule\.\.mule\jms_producer\queue-tx-log\tx2.log
2020-06-11 01:41:47,176 [main] INFO  org.mule.util.journal.TransactionJournal - Using files for tx logs E:\mule-it\.mule\.\.mule\jms_producer\queue-xa-tx-log\tx1.log and E:\mule-it\.mule\.\.mule\jms_producer\queue-xa-tx-log\tx2.log
2020-06-11 01:41:47,191 [main] INFO  org.mule.lifecycle.AbstractLifecycleManager - Initialising connector: Active_MQ
2020-06-11 01:41:47,665 [main] INFO  org.mule.lifecycle.AbstractLifecycleManager - Initialising model: _muleSystemModel
2020-06-11 01:41:47,674 [main] INFO  org.mule.construct.FlowConstructLifecycleManager - Initialising flow: jms_producerFlow
2020-06-11 01:41:47,675 [main] INFO  org.mule.exception.DefaultMessagingExceptionStrategy - Initialising exception listener: org.mule.exception.DefaultMessagingExceptionStrategy@9c73fff
2020-06-11 01:41:48,171 [main] INFO  org.mule.processor.SedaStageLifecycleManager - Initialising service: jms_producerFlow.stage1
2020-06-11 01:41:48,651 [main] INFO  org.mule.config.spring.SpringXmlConfigurationBuilder - Configured Mule using "org.mule.config.spring.SpringXmlConfigurationBuilder" with configuration resource(s): "[ConfigResource{resourceName='E:\mule-it\.mule\apps\jms_producer\jms_producer.xml'}]"
2020-06-11 01:41:48,652 [main] INFO  org.mule.config.builders.AutoConfigurationBuilder - Configured Mule using "org.mule.config.builders.AutoConfigurationBuilder" with configuration resource(s): "[ConfigResource{resourceName='E:\mule-it\.mule\apps\jms_producer\jms_producer.xml'}]"
2020-06-11 01:41:48,662 [main] INFO  com.mulesoft.module.policies.lifecyle.GateKeeper - GateKeeper Mode: DISABLED
2020-06-11 01:41:48,667 [main] INFO  org.mule.module.launcher.application.DefaultMuleApplication - 
++++++++++++++++++++++++++++++++++++++++++++++++++++++++++++
+ Starting app 'jms_producer'                              +
++++++++++++++++++++++++++++++++++++++++++++++++++++++++++++
2020-06-11 01:41:48,685 [main] INFO  org.mule.util.queue.QueueXaResourceManager - Starting ResourceManager
2020-06-11 01:41:48,685 [main] INFO  org.mule.util.queue.QueueXaResourceManager - Started ResourceManager
2020-06-11 01:41:48,797 [main] INFO  org.mule.module.http.internal.listener.DefaultHttpListenerConfig - Listening for requests on http://0.0.0.0:8081/jms
2020-06-11 01:41:49,402 [main] INFO  org.mule.transport.jms.activemq.ActiveMQJmsConnector - Connected: ActiveMQJmsConnector
{
  name=Active_MQ
  lifecycle=initialise
  this=6ef60295
  numberOfConcurrentTransactedReceivers=4
  createMultipleTransactedReceivers=true
  connected=true
  supportedProtocols=[jms]
  serviceOverrides=<none>
}

2020-06-11 01:41:49,403 [main] INFO  org.mule.transport.jms.activemq.ActiveMQJmsConnector - Starting: ActiveMQJmsConnector
{
  name=Active_MQ
  lifecycle=initialise
  this=6ef60295
  numberOfConcurrentTransactedReceivers=4
  createMultipleTransactedReceivers=true
  connected=true
  supportedProtocols=[jms]
  serviceOverrides=<none>
}

2020-06-11 01:41:49,404 [main] INFO  org.mule.lifecycle.AbstractLifecycleManager - Starting connector: Active_MQ
2020-06-11 01:41:49,418 [main] INFO  org.mule.lifecycle.AbstractLifecycleManager - Starting model: _muleSystemModel
2020-06-11 01:41:49,422 [main] INFO  org.mule.construct.FlowConstructLifecycleManager - Starting flow: jms_producerFlow
2020-06-11 01:41:49,423 [main] INFO  org.mule.processor.SedaStageLifecycleManager - Starting service: jms_producerFlow.stage1
2020-06-11 01:41:49,536 [main] INFO  org.mule.module.management.agent.WrapperManagerAgent - This JVM hasn't been launched by the wrapper, the agent will not run.
2020-06-11 01:41:49,589 [main] INFO  org.mule.module.management.agent.AbstractJmxAgent - Registered Connector Service with name Mule.jms_producer:type=Connector,name="Active_MQ"
2020-06-11 01:41:49,597 [main] INFO  org.mule.DefaultMuleContext - 
**********************************************************************
* Application: jms_producer                                          *
* OS encoding: \, Mule encoding: UTF-8                               *
*                                                                    *
* Agents Running:                                                    *
*   Batch module default engine                                      *
*   JMX Agent                                                        *
*   Wrapper Manager                                                  *
**********************************************************************
2020-06-11 01:42:43,181 [Mule.app.deployer.monitor.1.thread.1] INFO  org.mule.module.launcher.application.DefaultMuleApplication - 
++++++++++++++++++++++++++++++++++++++++++++++++++++++++++++
+ Stopping app 'jms_producer'                              +
++++++++++++++++++++++++++++++++++++++++++++++++++++++++++++
2020-06-11 01:42:43,195 [Mule.app.deployer.monitor.1.thread.1] INFO  org.mule.construct.FlowConstructLifecycleManager - Stopping flow: jms_producerFlow
2020-06-11 01:42:43,205 [Mule.app.deployer.monitor.1.thread.1] INFO  org.mule.processor.SedaStageLifecycleManager - Stopping service: jms_producerFlow.stage1
2020-06-11 01:42:43,281 [Mule.app.deployer.monitor.1.thread.1] INFO  org.mule.lifecycle.AbstractLifecycleManager - Stopping model: _muleSystemModel
2020-06-11 01:42:43,289 [Mule.app.deployer.monitor.1.thread.1] INFO  org.mule.lifecycle.AbstractLifecycleManager - Stopping connector: Active_MQ
2020-06-11 01:42:43,485 [Mule.app.deployer.monitor.1.thread.1] INFO  org.mule.module.http.internal.listener.DefaultHttpListenerConfig - Stopped listener on http://0.0.0.0:8081/jms
2020-06-11 01:42:43,491 [Mule.app.deployer.monitor.1.thread.1] INFO  org.mule.util.queue.QueueXaResourceManager - Stopping ResourceManager
2020-06-11 01:42:43,491 [Mule.app.deployer.monitor.1.thread.1] INFO  org.mule.util.queue.QueueXaResourceManager - Stopped ResourceManager
2020-06-11 01:42:43,503 [Mule.app.deployer.monitor.1.thread.1] INFO  org.mule.module.launcher.application.DefaultMuleApplication - 
++++++++++++++++++++++++++++++++++++++++++++++++++++++++++++
+ Disposing app 'jms_producer'                             +
++++++++++++++++++++++++++++++++++++++++++++++++++++++++++++
2020-06-11 01:42:43,513 [Mule.app.deployer.monitor.1.thread.1] INFO  org.mule.lifecycle.AbstractLifecycleManager - Disposing RegistryBroker
2020-06-11 01:42:43,516 [Mule.app.deployer.monitor.1.thread.1] INFO  org.mule.construct.FlowConstructLifecycleManager - Disposing flow: jms_producerFlow
2020-06-11 01:42:43,518 [Mule.app.deployer.monitor.1.thread.1] INFO  org.mule.processor.SedaStageLifecycleManager - Disposing service: jms_producerFlow.stage1
2020-06-11 01:42:43,525 [Mule.app.deployer.monitor.1.thread.1] INFO  org.mule.lifecycle.AbstractLifecycleManager - Disposing model: _muleSystemModel
2020-06-11 01:42:43,716 [Mule.app.deployer.monitor.1.thread.1] INFO  org.mule.transport.jms.activemq.ActiveMQJmsConnector - Disconnected: ActiveMQJmsConnector
{
  name=Active_MQ
  lifecycle=stop
  this=6ef60295
  numberOfConcurrentTransactedReceivers=4
  createMultipleTransactedReceivers=true
  connected=true
  supportedProtocols=[jms]
  serviceOverrides=<none>
}

2020-06-11 01:42:43,718 [Mule.app.deployer.monitor.1.thread.1] INFO  org.mule.lifecycle.AbstractLifecycleManager - Disposing connector: Active_MQ
2020-06-11 01:42:44,178 [Mule.app.deployer.monitor.1.thread.1] INFO  org.mule.config.spring.MuleArtifactContext - Closing org.mule.config.spring.MuleArtifactContext@740abb5: startup date [Thu Jun 11 01:41:40 IST 2020]; root of context hierarchy
2020-06-11 01:42:44,193 [Mule.app.deployer.monitor.1.thread.1] INFO  org.mule.DefaultMuleContext - 
**********************************************************************
* Application "jms_producer" shut down normally on: 11/6/20 1:42 AM  *
* Up for: 0 days, 0 hours, 0 mins, 55.518 sec                        *
**********************************************************************
2020-06-11 01:42:44,515 [Mule.app.deployer.monitor.1.thread.1] INFO  org.mule.module.launcher.application.DefaultMuleApplication - 
++++++++++++++++++++++++++++++++++++++++++++++++++++++++++++
+ Initializing app 'jms_producer'                          +
++++++++++++++++++++++++++++++++++++++++++++++++++++++++++++
2020-06-11 01:42:44,576 [Mule.app.deployer.monitor.1.thread.1] INFO  org.mule.lifecycle.AbstractLifecycleManager - Initialising RegistryBroker
2020-06-11 01:42:44,605 [Mule.app.deployer.monitor.1.thread.1] INFO  org.mule.module.extension.internal.manager.DefaultExtensionManager - Starting discovery of extensions
2020-06-11 01:42:44,694 [Mule.app.deployer.monitor.1.thread.1] INFO  org.mule.module.extension.internal.manager.DefaultExtensionManager - Discovered 1 extensions
2020-06-11 01:42:44,694 [Mule.app.deployer.monitor.1.thread.1] INFO  org.mule.module.extension.internal.manager.DefaultExtensionManager - Registering extension validation (version 3.9)
2020-06-11 01:42:44,702 [Mule.app.deployer.monitor.1.thread.1] INFO  org.mule.config.spring.MuleArtifactContext - Refreshing org.mule.config.spring.MuleArtifactContext@7c184e79: startup date [Thu Jun 11 01:42:44 IST 2020]; root of context hierarchy
2020-06-11 01:42:45,663 [Mule.app.deployer.monitor.1.thread.1] INFO  org.mule.config.spring.processors.NoDevkitInjectorProcessor - JSR-330 'javax.inject.Inject' annotation found and supported for autowiring
2020-06-11 01:42:46,064 [Mule.app.deployer.monitor.1.thread.1] INFO  org.mule.util.journal.TransactionJournal - Using files for tx logs E:\mule-it\.mule\.\.mule\jms_producer\queue-tx-log\tx1.log and E:\mule-it\.mule\.\.mule\jms_producer\queue-tx-log\tx2.log
2020-06-11 01:42:46,065 [Mule.app.deployer.monitor.1.thread.1] INFO  org.mule.util.journal.TransactionJournal - Using files for tx logs E:\mule-it\.mule\.\.mule\jms_producer\queue-xa-tx-log\tx1.log and E:\mule-it\.mule\.\.mule\jms_producer\queue-xa-tx-log\tx2.log
2020-06-11 01:42:46,069 [Mule.app.deployer.monitor.1.thread.1] INFO  org.mule.lifecycle.AbstractLifecycleManager - Initialising connector: Active_MQ
2020-06-11 01:42:46,140 [Mule.app.deployer.monitor.1.thread.1] INFO  org.mule.lifecycle.AbstractLifecycleManager - Initialising model: _muleSystemModel
2020-06-11 01:42:46,144 [Mule.app.deployer.monitor.1.thread.1] INFO  org.mule.construct.FlowConstructLifecycleManager - Initialising flow: jms_producerFlow
2020-06-11 01:42:46,144 [Mule.app.deployer.monitor.1.thread.1] INFO  org.mule.exception.DefaultMessagingExceptionStrategy - Initialising exception listener: org.mule.exception.DefaultMessagingExceptionStrategy@5b8dd743
2020-06-11 01:42:46,157 [Mule.app.deployer.monitor.1.thread.1] INFO  org.mule.processor.SedaStageLifecycleManager - Initialising service: jms_producerFlow.stage1
2020-06-11 01:42:46,220 [Mule.app.deployer.monitor.1.thread.1] INFO  org.mule.config.spring.SpringXmlConfigurationBuilder - Configured Mule using "org.mule.config.spring.SpringXmlConfigurationBuilder" with configuration resource(s): "[ConfigResource{resourceName='E:\mule-it\.mule\apps\jms_producer\jms_producer.xml'}]"
2020-06-11 01:42:46,221 [Mule.app.deployer.monitor.1.thread.1] INFO  org.mule.config.builders.AutoConfigurationBuilder - Configured Mule using "org.mule.config.builders.AutoConfigurationBuilder" with configuration resource(s): "[ConfigResource{resourceName='E:\mule-it\.mule\apps\jms_producer\jms_producer.xml'}]"
2020-06-11 01:42:46,224 [Mule.app.deployer.monitor.1.thread.1] INFO  org.mule.module.launcher.application.DefaultMuleApplication - 
++++++++++++++++++++++++++++++++++++++++++++++++++++++++++++
+ Starting app 'jms_producer'                              +
++++++++++++++++++++++++++++++++++++++++++++++++++++++++++++
2020-06-11 01:42:46,231 [Mule.app.deployer.monitor.1.thread.1] INFO  org.mule.util.queue.QueueXaResourceManager - Starting ResourceManager
2020-06-11 01:42:46,231 [Mule.app.deployer.monitor.1.thread.1] INFO  org.mule.util.queue.QueueXaResourceManager - Started ResourceManager
2020-06-11 01:42:46,270 [Mule.app.deployer.monitor.1.thread.1] INFO  org.mule.module.http.internal.listener.DefaultHttpListenerConfig - Listening for requests on http://0.0.0.0:8081/jms
2020-06-11 01:42:47,087 [Mule.app.deployer.monitor.1.thread.1] INFO  org.mule.transport.jms.activemq.ActiveMQJmsConnector - Connected: ActiveMQJmsConnector
{
  name=Active_MQ
  lifecycle=initialise
  this=530f77d9
  numberOfConcurrentTransactedReceivers=4
  createMultipleTransactedReceivers=true
  connected=true
  supportedProtocols=[jms]
  serviceOverrides=<none>
}

2020-06-11 01:42:47,087 [Mule.app.deployer.monitor.1.thread.1] INFO  org.mule.transport.jms.activemq.ActiveMQJmsConnector - Starting: ActiveMQJmsConnector
{
  name=Active_MQ
  lifecycle=initialise
  this=530f77d9
  numberOfConcurrentTransactedReceivers=4
  createMultipleTransactedReceivers=true
  connected=true
  supportedProtocols=[jms]
  serviceOverrides=<none>
}

2020-06-11 01:42:47,087 [Mule.app.deployer.monitor.1.thread.1] INFO  org.mule.lifecycle.AbstractLifecycleManager - Starting connector: Active_MQ
2020-06-11 01:42:47,094 [Mule.app.deployer.monitor.1.thread.1] INFO  org.mule.lifecycle.AbstractLifecycleManager - Starting model: _muleSystemModel
2020-06-11 01:42:47,096 [Mule.app.deployer.monitor.1.thread.1] INFO  org.mule.construct.FlowConstructLifecycleManager - Starting flow: jms_producerFlow
2020-06-11 01:42:47,096 [Mule.app.deployer.monitor.1.thread.1] INFO  org.mule.processor.SedaStageLifecycleManager - Starting service: jms_producerFlow.stage1
2020-06-11 01:42:47,115 [Mule.app.deployer.monitor.1.thread.1] INFO  org.mule.module.management.agent.WrapperManagerAgent - This JVM hasn't been launched by the wrapper, the agent will not run.
2020-06-11 01:42:47,123 [Mule.app.deployer.monitor.1.thread.1] INFO  org.mule.module.management.agent.AbstractJmxAgent - Registered Connector Service with name Mule.jms_producer:type=Connector,name="Active_MQ"
2020-06-11 01:42:47,125 [Mule.app.deployer.monitor.1.thread.1] INFO  org.mule.DefaultMuleContext - 
**********************************************************************
* Application: jms_producer                                          *
* OS encoding: \, Mule encoding: UTF-8                               *
*                                                                    *
* Agents Running:                                                    *
*   Batch module default engine                                      *
*   JMX Agent                                                        *
*   Wrapper Manager                                                  *
**********************************************************************
2020-06-11 01:43:05,386 [[jms_producer].HTTP_Listener_Configuration.worker.01] INFO  org.mule.transport.service.DefaultTransportServiceDescriptor - Loading default outbound transformer: org.mule.transport.jms.transformers.ObjectToJMSMessage
2020-06-11 01:43:05,387 [[jms_producer].HTTP_Listener_Configuration.worker.01] INFO  org.mule.transport.service.DefaultTransportServiceDescriptor - Loading default response transformer: org.mule.transport.jms.transformers.ObjectToJMSMessage
2020-06-11 01:43:05,388 [[jms_producer].HTTP_Listener_Configuration.worker.01] WARN  com.mulesoft.mule.transport.jms.EeJmsMessageDispatcher - Starting patched JmsMessageReceiver
2020-06-11 01:43:05,390 [[jms_producer].HTTP_Listener_Configuration.worker.01] INFO  org.mule.lifecycle.AbstractLifecycleManager - Initialising: 'Active_MQ.dispatcher.570755737'. Object is: EeJmsMessageDispatcher
2020-06-11 01:43:05,391 [[jms_producer].HTTP_Listener_Configuration.worker.01] INFO  org.mule.lifecycle.AbstractLifecycleManager - Starting: 'Active_MQ.dispatcher.570755737'. Object is: EeJmsMessageDispatcher
2020-06-11 01:43:05,677 [[jms_producer].HTTP_Listener_Configuration.worker.01] INFO  org.mule.api.processor.LoggerMessageProcessor - first_flow started
2020-06-11 01:48:29,495 [main] INFO  org.mule.module.launcher.application.DefaultMuleApplication - 
++++++++++++++++++++++++++++++++++++++++++++++++++++++++++++
+ Initializing app 'jms_producer'                          +
++++++++++++++++++++++++++++++++++++++++++++++++++++++++++++
2020-06-11 01:48:30,187 [main] INFO  org.mule.lifecycle.AbstractLifecycleManager - Initialising RegistryBroker
2020-06-11 01:48:30,685 [main] INFO  org.mule.module.extension.internal.manager.DefaultExtensionManager - Starting discovery of extensions
2020-06-11 01:48:30,983 [main] INFO  org.mule.module.extension.internal.manager.DefaultExtensionManager - Discovered 1 extensions
2020-06-11 01:48:30,983 [main] INFO  org.mule.module.extension.internal.manager.DefaultExtensionManager - Registering extension validation (version 3.9)
2020-06-11 01:48:31,796 [main] INFO  org.mule.config.spring.MuleArtifactContext - Refreshing org.mule.config.spring.MuleArtifactContext@1b0a7baf: startup date [Thu Jun 11 01:48:31 IST 2020]; root of context hierarchy
2020-06-11 01:48:34,360 [main] INFO  org.mule.config.spring.processors.NoDevkitInjectorProcessor - JSR-330 'javax.inject.Inject' annotation found and supported for autowiring
2020-06-11 01:48:36,156 [main] WARN  org.mule.module.ognl.expression.OgnlExpressionEvaluator - OGNL module is deprecated and will be removed in Mule 4.0. Use MEL expressions instead.
2020-06-11 01:48:36,718 [main] INFO  org.mule.util.journal.TransactionJournal - Using files for tx logs E:\mule-it\.mule\.\.mule\jms_producer\queue-tx-log\tx1.log and E:\mule-it\.mule\.\.mule\jms_producer\queue-tx-log\tx2.log
2020-06-11 01:48:36,745 [main] INFO  org.mule.util.journal.TransactionJournal - Using files for tx logs E:\mule-it\.mule\.\.mule\jms_producer\queue-xa-tx-log\tx1.log and E:\mule-it\.mule\.\.mule\jms_producer\queue-xa-tx-log\tx2.log
2020-06-11 01:48:36,751 [main] INFO  org.mule.lifecycle.AbstractLifecycleManager - Initialising connector: Active_MQ
2020-06-11 01:48:37,347 [main] INFO  org.mule.lifecycle.AbstractLifecycleManager - Initialising model: _muleSystemModel
2020-06-11 01:48:37,354 [main] INFO  org.mule.construct.FlowConstructLifecycleManager - Initialising flow: jms_producerFlow
2020-06-11 01:48:37,354 [main] INFO  org.mule.exception.DefaultMessagingExceptionStrategy - Initialising exception listener: org.mule.exception.DefaultMessagingExceptionStrategy@16736040
2020-06-11 01:48:37,416 [main] INFO  org.mule.processor.SedaStageLifecycleManager - Initialising service: jms_producerFlow.stage1
2020-06-11 01:48:37,832 [main] INFO  org.mule.config.spring.SpringXmlConfigurationBuilder - Configured Mule using "org.mule.config.spring.SpringXmlConfigurationBuilder" with configuration resource(s): "[ConfigResource{resourceName='E:\mule-it\.mule\apps\jms_producer\jms_producer.xml'}]"
2020-06-11 01:48:37,832 [main] INFO  org.mule.config.builders.AutoConfigurationBuilder - Configured Mule using "org.mule.config.builders.AutoConfigurationBuilder" with configuration resource(s): "[ConfigResource{resourceName='E:\mule-it\.mule\apps\jms_producer\jms_producer.xml'}]"
2020-06-11 01:48:37,839 [main] INFO  com.mulesoft.module.policies.lifecyle.GateKeeper - GateKeeper Mode: DISABLED
2020-06-11 01:48:37,843 [main] INFO  org.mule.module.launcher.application.DefaultMuleApplication - 
++++++++++++++++++++++++++++++++++++++++++++++++++++++++++++
+ Starting app 'jms_producer'                              +
++++++++++++++++++++++++++++++++++++++++++++++++++++++++++++
2020-06-11 01:48:37,856 [main] INFO  org.mule.util.queue.QueueXaResourceManager - Starting ResourceManager
2020-06-11 01:48:37,856 [main] INFO  org.mule.util.queue.QueueXaResourceManager - Started ResourceManager
2020-06-11 01:48:37,897 [main] INFO  org.mule.module.http.internal.listener.DefaultHttpListenerConfig - Listening for requests on http://0.0.0.0:8081/jms
2020-06-11 01:48:38,353 [main] INFO  org.mule.transport.jms.activemq.ActiveMQJmsConnector - Connected: ActiveMQJmsConnector
{
  name=Active_MQ
  lifecycle=initialise
  this=67e25252
  numberOfConcurrentTransactedReceivers=4
  createMultipleTransactedReceivers=true
  connected=true
  supportedProtocols=[jms]
  serviceOverrides=<none>
}

2020-06-11 01:48:38,353 [main] INFO  org.mule.transport.jms.activemq.ActiveMQJmsConnector - Starting: ActiveMQJmsConnector
{
  name=Active_MQ
  lifecycle=initialise
  this=67e25252
  numberOfConcurrentTransactedReceivers=4
  createMultipleTransactedReceivers=true
  connected=true
  supportedProtocols=[jms]
  serviceOverrides=<none>
}

2020-06-11 01:48:38,354 [main] INFO  org.mule.lifecycle.AbstractLifecycleManager - Starting connector: Active_MQ
2020-06-11 01:48:38,361 [main] INFO  org.mule.lifecycle.AbstractLifecycleManager - Starting model: _muleSystemModel
2020-06-11 01:48:38,363 [main] INFO  org.mule.construct.FlowConstructLifecycleManager - Starting flow: jms_producerFlow
2020-06-11 01:48:38,364 [main] INFO  org.mule.processor.SedaStageLifecycleManager - Starting service: jms_producerFlow.stage1
2020-06-11 01:48:38,426 [main] INFO  org.mule.module.management.agent.WrapperManagerAgent - This JVM hasn't been launched by the wrapper, the agent will not run.
2020-06-11 01:48:38,495 [main] INFO  org.mule.module.management.agent.AbstractJmxAgent - Registered Connector Service with name Mule.jms_producer:type=Connector,name="Active_MQ"
2020-06-11 01:48:38,507 [main] INFO  org.mule.DefaultMuleContext - 
**********************************************************************
* Application: jms_producer                                          *
* OS encoding: \, Mule encoding: UTF-8                               *
*                                                                    *
* Agents Running:                                                    *
*   Batch module default engine                                      *
*   JMX Agent                                                        *
*   Wrapper Manager                                                  *
**********************************************************************
2020-06-11 01:49:25,338 [main] INFO  org.mule.module.launcher.application.DefaultMuleApplication - 
++++++++++++++++++++++++++++++++++++++++++++++++++++++++++++
+ Initializing app 'jms_producer'                          +
++++++++++++++++++++++++++++++++++++++++++++++++++++++++++++
2020-06-11 01:49:26,211 [main] INFO  org.mule.lifecycle.AbstractLifecycleManager - Initialising RegistryBroker
2020-06-11 01:49:26,533 [main] INFO  org.mule.module.extension.internal.manager.DefaultExtensionManager - Starting discovery of extensions
2020-06-11 01:49:26,845 [main] INFO  org.mule.module.extension.internal.manager.DefaultExtensionManager - Discovered 1 extensions
2020-06-11 01:49:26,846 [main] INFO  org.mule.module.extension.internal.manager.DefaultExtensionManager - Registering extension validation (version 3.9)
2020-06-11 01:49:27,679 [main] INFO  org.mule.config.spring.MuleArtifactContext - Refreshing org.mule.config.spring.MuleArtifactContext@1b0a7baf: startup date [Thu Jun 11 01:49:27 IST 2020]; root of context hierarchy
2020-06-11 01:49:30,535 [main] INFO  org.mule.config.spring.processors.NoDevkitInjectorProcessor - JSR-330 'javax.inject.Inject' annotation found and supported for autowiring
2020-06-11 01:49:33,738 [main] WARN  org.mule.module.ognl.expression.OgnlExpressionEvaluator - OGNL module is deprecated and will be removed in Mule 4.0. Use MEL expressions instead.
2020-06-11 01:49:34,764 [main] INFO  org.mule.util.journal.TransactionJournal - Using files for tx logs E:\mule-it\.mule\.\.mule\jms_producer\queue-tx-log\tx1.log and E:\mule-it\.mule\.\.mule\jms_producer\queue-tx-log\tx2.log
2020-06-11 01:49:34,816 [main] INFO  org.mule.util.journal.TransactionJournal - Using files for tx logs E:\mule-it\.mule\.\.mule\jms_producer\queue-xa-tx-log\tx1.log and E:\mule-it\.mule\.\.mule\jms_producer\queue-xa-tx-log\tx2.log
2020-06-11 01:49:34,834 [main] INFO  org.mule.lifecycle.AbstractLifecycleManager - Initialising connector: Active_MQ
2020-06-11 01:49:35,845 [main] INFO  org.mule.lifecycle.AbstractLifecycleManager - Initialising model: _muleSystemModel
2020-06-11 01:49:35,853 [main] INFO  org.mule.construct.FlowConstructLifecycleManager - Initialising flow: jms_producerFlow
2020-06-11 01:49:35,854 [main] INFO  org.mule.exception.DefaultMessagingExceptionStrategy - Initialising exception listener: org.mule.exception.DefaultMessagingExceptionStrategy@16736040
2020-06-11 01:49:35,932 [main] INFO  org.mule.processor.SedaStageLifecycleManager - Initialising service: jms_producerFlow.stage1
2020-06-11 01:49:36,474 [main] INFO  org.mule.config.spring.SpringXmlConfigurationBuilder - Configured Mule using "org.mule.config.spring.SpringXmlConfigurationBuilder" with configuration resource(s): "[ConfigResource{resourceName='E:\mule-it\.mule\apps\jms_producer\jms_producer.xml'}]"
2020-06-11 01:49:36,474 [main] INFO  org.mule.config.builders.AutoConfigurationBuilder - Configured Mule using "org.mule.config.builders.AutoConfigurationBuilder" with configuration resource(s): "[ConfigResource{resourceName='E:\mule-it\.mule\apps\jms_producer\jms_producer.xml'}]"
2020-06-11 01:49:36,484 [main] INFO  com.mulesoft.module.policies.lifecyle.GateKeeper - GateKeeper Mode: DISABLED
2020-06-11 01:49:36,490 [main] INFO  org.mule.module.launcher.application.DefaultMuleApplication - 
++++++++++++++++++++++++++++++++++++++++++++++++++++++++++++
+ Starting app 'jms_producer'                              +
++++++++++++++++++++++++++++++++++++++++++++++++++++++++++++
2020-06-11 01:49:36,510 [main] INFO  org.mule.util.queue.QueueXaResourceManager - Starting ResourceManager
2020-06-11 01:49:36,510 [main] INFO  org.mule.util.queue.QueueXaResourceManager - Started ResourceManager
2020-06-11 01:49:36,571 [main] INFO  org.mule.module.http.internal.listener.DefaultHttpListenerConfig - Listening for requests on http://0.0.0.0:8081/jms
2020-06-11 01:49:37,153 [main] INFO  org.mule.transport.jms.activemq.ActiveMQJmsConnector - Connected: ActiveMQJmsConnector
{
  name=Active_MQ
  lifecycle=initialise
  this=67e25252
  numberOfConcurrentTransactedReceivers=4
  createMultipleTransactedReceivers=true
  connected=true
  supportedProtocols=[jms]
  serviceOverrides=<none>
}

2020-06-11 01:49:37,154 [main] INFO  org.mule.transport.jms.activemq.ActiveMQJmsConnector - Starting: ActiveMQJmsConnector
{
  name=Active_MQ
  lifecycle=initialise
  this=67e25252
  numberOfConcurrentTransactedReceivers=4
  createMultipleTransactedReceivers=true
  connected=true
  supportedProtocols=[jms]
  serviceOverrides=<none>
}

2020-06-11 01:49:37,156 [main] INFO  org.mule.lifecycle.AbstractLifecycleManager - Starting connector: Active_MQ
2020-06-11 01:49:37,171 [main] INFO  org.mule.lifecycle.AbstractLifecycleManager - Starting model: _muleSystemModel
2020-06-11 01:49:37,176 [main] INFO  org.mule.construct.FlowConstructLifecycleManager - Starting flow: jms_producerFlow
2020-06-11 01:49:37,177 [main] INFO  org.mule.processor.SedaStageLifecycleManager - Starting service: jms_producerFlow.stage1
2020-06-11 01:49:37,280 [main] INFO  org.mule.module.management.agent.WrapperManagerAgent - This JVM hasn't been launched by the wrapper, the agent will not run.
2020-06-11 01:49:37,363 [main] INFO  org.mule.module.management.agent.AbstractJmxAgent - Registered Connector Service with name Mule.jms_producer:type=Connector,name="Active_MQ"
2020-06-11 01:49:37,375 [main] INFO  org.mule.DefaultMuleContext - 
**********************************************************************
* Application: jms_producer                                          *
* OS encoding: \, Mule encoding: UTF-8                               *
*                                                                    *
* Agents Running:                                                    *
*   Batch module default engine                                      *
*   JMX Agent                                                        *
*   Wrapper Manager                                                  *
**********************************************************************
2020-06-11 01:51:19,869 [main] INFO  org.mule.module.launcher.application.DefaultMuleApplication - 
++++++++++++++++++++++++++++++++++++++++++++++++++++++++++++
+ Initializing app 'jms_producer'                          +
++++++++++++++++++++++++++++++++++++++++++++++++++++++++++++
2020-06-11 01:51:20,607 [main] INFO  org.mule.lifecycle.AbstractLifecycleManager - Initialising RegistryBroker
2020-06-11 01:51:20,941 [main] INFO  org.mule.module.extension.internal.manager.DefaultExtensionManager - Starting discovery of extensions
2020-06-11 01:51:21,248 [main] INFO  org.mule.module.extension.internal.manager.DefaultExtensionManager - Discovered 1 extensions
2020-06-11 01:51:21,248 [main] INFO  org.mule.module.extension.internal.manager.DefaultExtensionManager - Registering extension validation (version 3.9)
2020-06-11 01:51:22,003 [main] INFO  org.mule.config.spring.MuleArtifactContext - Refreshing org.mule.config.spring.MuleArtifactContext@1b0a7baf: startup date [Thu Jun 11 01:51:21 IST 2020]; root of context hierarchy
2020-06-11 01:51:24,670 [main] INFO  org.mule.config.spring.processors.NoDevkitInjectorProcessor - JSR-330 'javax.inject.Inject' annotation found and supported for autowiring
2020-06-11 01:51:27,875 [main] WARN  org.mule.module.ognl.expression.OgnlExpressionEvaluator - OGNL module is deprecated and will be removed in Mule 4.0. Use MEL expressions instead.
2020-06-11 01:51:29,011 [main] INFO  org.mule.util.journal.TransactionJournal - Using files for tx logs E:\mule-it\.mule\.\.mule\jms_producer\queue-tx-log\tx1.log and E:\mule-it\.mule\.\.mule\jms_producer\queue-tx-log\tx2.log
2020-06-11 01:51:29,056 [main] INFO  org.mule.util.journal.TransactionJournal - Using files for tx logs E:\mule-it\.mule\.\.mule\jms_producer\queue-xa-tx-log\tx1.log and E:\mule-it\.mule\.\.mule\jms_producer\queue-xa-tx-log\tx2.log
2020-06-11 01:51:29,069 [main] INFO  org.mule.lifecycle.AbstractLifecycleManager - Initialising connector: Active_MQ
2020-06-11 01:51:29,952 [main] INFO  org.mule.lifecycle.AbstractLifecycleManager - Initialising model: _muleSystemModel
2020-06-11 01:51:29,960 [main] INFO  org.mule.construct.FlowConstructLifecycleManager - Initialising flow: jms_producerFlow
2020-06-11 01:51:29,961 [main] INFO  org.mule.exception.DefaultMessagingExceptionStrategy - Initialising exception listener: org.mule.exception.DefaultMessagingExceptionStrategy@16736040
2020-06-11 01:51:30,034 [main] INFO  org.mule.processor.SedaStageLifecycleManager - Initialising service: jms_producerFlow.stage1
2020-06-11 01:51:30,571 [main] INFO  org.mule.config.spring.SpringXmlConfigurationBuilder - Configured Mule using "org.mule.config.spring.SpringXmlConfigurationBuilder" with configuration resource(s): "[ConfigResource{resourceName='E:\mule-it\.mule\apps\jms_producer\jms_producer.xml'}]"
2020-06-11 01:51:30,572 [main] INFO  org.mule.config.builders.AutoConfigurationBuilder - Configured Mule using "org.mule.config.builders.AutoConfigurationBuilder" with configuration resource(s): "[ConfigResource{resourceName='E:\mule-it\.mule\apps\jms_producer\jms_producer.xml'}]"
2020-06-11 01:51:30,582 [main] INFO  com.mulesoft.module.policies.lifecyle.GateKeeper - GateKeeper Mode: DISABLED
2020-06-11 01:51:30,589 [main] INFO  org.mule.module.launcher.application.DefaultMuleApplication - 
++++++++++++++++++++++++++++++++++++++++++++++++++++++++++++
+ Starting app 'jms_producer'                              +
++++++++++++++++++++++++++++++++++++++++++++++++++++++++++++
2020-06-11 01:51:30,616 [main] INFO  org.mule.util.queue.QueueXaResourceManager - Starting ResourceManager
2020-06-11 01:51:30,616 [main] INFO  org.mule.util.queue.QueueXaResourceManager - Started ResourceManager
2020-06-11 01:51:30,721 [main] INFO  org.mule.module.http.internal.listener.DefaultHttpListenerConfig - Listening for requests on http://0.0.0.0:8081/jms
2020-06-11 01:51:31,520 [main] INFO  org.mule.transport.jms.activemq.ActiveMQJmsConnector - Connected: ActiveMQJmsConnector
{
  name=Active_MQ
  lifecycle=initialise
  this=67e25252
  numberOfConcurrentTransactedReceivers=4
  createMultipleTransactedReceivers=true
  connected=true
  supportedProtocols=[jms]
  serviceOverrides=<none>
}

2020-06-11 01:51:31,521 [main] INFO  org.mule.transport.jms.activemq.ActiveMQJmsConnector - Starting: ActiveMQJmsConnector
{
  name=Active_MQ
  lifecycle=initialise
  this=67e25252
  numberOfConcurrentTransactedReceivers=4
  createMultipleTransactedReceivers=true
  connected=true
  supportedProtocols=[jms]
  serviceOverrides=<none>
}

2020-06-11 01:51:31,523 [main] INFO  org.mule.lifecycle.AbstractLifecycleManager - Starting connector: Active_MQ
2020-06-11 01:51:31,538 [main] INFO  org.mule.lifecycle.AbstractLifecycleManager - Starting model: _muleSystemModel
2020-06-11 01:51:31,542 [main] INFO  org.mule.construct.FlowConstructLifecycleManager - Starting flow: jms_producerFlow
2020-06-11 01:51:31,544 [main] INFO  org.mule.processor.SedaStageLifecycleManager - Starting service: jms_producerFlow.stage1
2020-06-11 01:51:31,647 [main] INFO  org.mule.module.management.agent.WrapperManagerAgent - This JVM hasn't been launched by the wrapper, the agent will not run.
2020-06-11 01:51:31,729 [main] INFO  org.mule.module.management.agent.AbstractJmxAgent - Registered Connector Service with name Mule.jms_producer:type=Connector,name="Active_MQ"
2020-06-11 01:51:31,740 [main] INFO  org.mule.DefaultMuleContext - 
**********************************************************************
* Application: jms_producer                                          *
* OS encoding: \, Mule encoding: UTF-8                               *
*                                                                    *
* Agents Running:                                                    *
*   Batch module default engine                                      *
*   JMX Agent                                                        *
*   Wrapper Manager                                                  *
**********************************************************************
2020-06-11 01:52:33,163 [main] INFO  org.mule.module.launcher.application.DefaultMuleApplication - 
++++++++++++++++++++++++++++++++++++++++++++++++++++++++++++
+ Initializing app 'jms_producer'                          +
++++++++++++++++++++++++++++++++++++++++++++++++++++++++++++
2020-06-11 01:52:34,022 [main] INFO  org.mule.lifecycle.AbstractLifecycleManager - Initialising RegistryBroker
2020-06-11 01:52:34,476 [main] INFO  org.mule.module.extension.internal.manager.DefaultExtensionManager - Starting discovery of extensions
2020-06-11 01:52:34,810 [main] INFO  org.mule.module.extension.internal.manager.DefaultExtensionManager - Discovered 1 extensions
2020-06-11 01:52:34,811 [main] INFO  org.mule.module.extension.internal.manager.DefaultExtensionManager - Registering extension validation (version 3.9)
2020-06-11 01:52:35,581 [main] INFO  org.mule.config.spring.MuleArtifactContext - Refreshing org.mule.config.spring.MuleArtifactContext@1b0a7baf: startup date [Thu Jun 11 01:52:35 IST 2020]; root of context hierarchy
2020-06-11 01:52:38,230 [main] INFO  org.mule.config.spring.processors.NoDevkitInjectorProcessor - JSR-330 'javax.inject.Inject' annotation found and supported for autowiring
2020-06-11 01:52:40,310 [main] WARN  org.mule.module.ognl.expression.OgnlExpressionEvaluator - OGNL module is deprecated and will be removed in Mule 4.0. Use MEL expressions instead.
2020-06-11 01:52:40,928 [main] INFO  org.mule.util.journal.TransactionJournal - Using files for tx logs E:\mule-it\.mule\.\.mule\jms_producer\queue-tx-log\tx1.log and E:\mule-it\.mule\.\.mule\jms_producer\queue-tx-log\tx2.log
2020-06-11 01:52:40,958 [main] INFO  org.mule.util.journal.TransactionJournal - Using files for tx logs E:\mule-it\.mule\.\.mule\jms_producer\queue-xa-tx-log\tx1.log and E:\mule-it\.mule\.\.mule\jms_producer\queue-xa-tx-log\tx2.log
2020-06-11 01:52:40,965 [main] INFO  org.mule.lifecycle.AbstractLifecycleManager - Initialising connector: Active_MQ
2020-06-11 01:52:41,559 [main] INFO  org.mule.lifecycle.AbstractLifecycleManager - Initialising model: _muleSystemModel
2020-06-11 01:52:41,566 [main] INFO  org.mule.construct.FlowConstructLifecycleManager - Initialising flow: jms_producerFlow
2020-06-11 01:52:41,566 [main] INFO  org.mule.exception.DefaultMessagingExceptionStrategy - Initialising exception listener: org.mule.exception.DefaultMessagingExceptionStrategy@16736040
2020-06-11 01:52:41,610 [main] INFO  org.mule.processor.SedaStageLifecycleManager - Initialising service: jms_producerFlow.stage1
2020-06-11 01:52:42,004 [main] INFO  org.mule.config.spring.SpringXmlConfigurationBuilder - Configured Mule using "org.mule.config.spring.SpringXmlConfigurationBuilder" with configuration resource(s): "[ConfigResource{resourceName='E:\mule-it\.mule\apps\jms_producer\jms_producer.xml'}]"
2020-06-11 01:52:42,005 [main] INFO  org.mule.config.builders.AutoConfigurationBuilder - Configured Mule using "org.mule.config.builders.AutoConfigurationBuilder" with configuration resource(s): "[ConfigResource{resourceName='E:\mule-it\.mule\apps\jms_producer\jms_producer.xml'}]"
2020-06-11 01:52:42,010 [main] INFO  com.mulesoft.module.policies.lifecyle.GateKeeper - GateKeeper Mode: DISABLED
2020-06-11 01:52:42,014 [main] INFO  org.mule.module.launcher.application.DefaultMuleApplication - 
++++++++++++++++++++++++++++++++++++++++++++++++++++++++++++
+ Starting app 'jms_producer'                              +
++++++++++++++++++++++++++++++++++++++++++++++++++++++++++++
2020-06-11 01:52:42,027 [main] INFO  org.mule.util.queue.QueueXaResourceManager - Starting ResourceManager
2020-06-11 01:52:42,027 [main] INFO  org.mule.util.queue.QueueXaResourceManager - Started ResourceManager
2020-06-11 01:52:42,069 [main] INFO  org.mule.module.http.internal.listener.DefaultHttpListenerConfig - Listening for requests on http://0.0.0.0:8081/jms
2020-06-11 01:52:42,575 [main] INFO  org.mule.transport.jms.activemq.ActiveMQJmsConnector - Connected: ActiveMQJmsConnector
{
  name=Active_MQ
  lifecycle=initialise
  this=67e25252
  numberOfConcurrentTransactedReceivers=4
  createMultipleTransactedReceivers=true
  connected=true
  supportedProtocols=[jms]
  serviceOverrides=<none>
}

2020-06-11 01:52:42,576 [main] INFO  org.mule.transport.jms.activemq.ActiveMQJmsConnector - Starting: ActiveMQJmsConnector
{
  name=Active_MQ
  lifecycle=initialise
  this=67e25252
  numberOfConcurrentTransactedReceivers=4
  createMultipleTransactedReceivers=true
  connected=true
  supportedProtocols=[jms]
  serviceOverrides=<none>
}

2020-06-11 01:52:42,577 [main] INFO  org.mule.lifecycle.AbstractLifecycleManager - Starting connector: Active_MQ
2020-06-11 01:52:42,586 [main] INFO  org.mule.lifecycle.AbstractLifecycleManager - Starting model: _muleSystemModel
2020-06-11 01:52:42,588 [main] INFO  org.mule.construct.FlowConstructLifecycleManager - Starting flow: jms_producerFlow
2020-06-11 01:52:42,589 [main] INFO  org.mule.processor.SedaStageLifecycleManager - Starting service: jms_producerFlow.stage1
2020-06-11 01:52:42,684 [main] INFO  org.mule.module.management.agent.WrapperManagerAgent - This JVM hasn't been launched by the wrapper, the agent will not run.
2020-06-11 01:52:42,748 [main] INFO  org.mule.module.management.agent.AbstractJmxAgent - Registered Connector Service with name Mule.jms_producer:type=Connector,name="Active_MQ"
2020-06-11 01:52:42,756 [main] INFO  org.mule.DefaultMuleContext - 
**********************************************************************
* Application: jms_producer                                          *
* OS encoding: \, Mule encoding: UTF-8                               *
*                                                                    *
* Agents Running:                                                    *
*   Batch module default engine                                      *
*   JMX Agent                                                        *
*   Wrapper Manager                                                  *
**********************************************************************
2020-06-11 01:52:56,832 [[jms_producer].HTTP_Listener_Configuration.worker.01] INFO  org.mule.transport.service.DefaultTransportServiceDescriptor - Loading default outbound transformer: org.mule.transport.jms.transformers.ObjectToJMSMessage
2020-06-11 01:52:56,833 [[jms_producer].HTTP_Listener_Configuration.worker.01] INFO  org.mule.transport.service.DefaultTransportServiceDescriptor - Loading default response transformer: org.mule.transport.jms.transformers.ObjectToJMSMessage
2020-06-11 01:52:56,836 [[jms_producer].HTTP_Listener_Configuration.worker.01] WARN  com.mulesoft.mule.transport.jms.EeJmsMessageDispatcher - Starting patched JmsMessageReceiver
2020-06-11 01:52:56,839 [[jms_producer].HTTP_Listener_Configuration.worker.01] INFO  org.mule.lifecycle.AbstractLifecycleManager - Initialising: 'Active_MQ.dispatcher.106402723'. Object is: EeJmsMessageDispatcher
2020-06-11 01:52:56,844 [[jms_producer].HTTP_Listener_Configuration.worker.01] INFO  org.mule.lifecycle.AbstractLifecycleManager - Starting: 'Active_MQ.dispatcher.106402723'. Object is: EeJmsMessageDispatcher
2020-06-11 01:52:57,052 [[jms_producer].HTTP_Listener_Configuration.worker.01] INFO  org.mule.api.processor.LoggerMessageProcessor - first_flow started
2020-06-11 01:55:20,788 [main] INFO  org.mule.module.launcher.application.DefaultMuleApplication - 
++++++++++++++++++++++++++++++++++++++++++++++++++++++++++++
+ Initializing app 'jms_producer'                          +
++++++++++++++++++++++++++++++++++++++++++++++++++++++++++++
2020-06-11 01:55:21,574 [main] INFO  org.mule.lifecycle.AbstractLifecycleManager - Initialising RegistryBroker
2020-06-11 01:55:22,034 [main] INFO  org.mule.module.extension.internal.manager.DefaultExtensionManager - Starting discovery of extensions
2020-06-11 01:55:22,514 [main] INFO  org.mule.module.extension.internal.manager.DefaultExtensionManager - Discovered 1 extensions
2020-06-11 01:55:22,514 [main] INFO  org.mule.module.extension.internal.manager.DefaultExtensionManager - Registering extension validation (version 3.9)
2020-06-11 01:55:23,448 [main] INFO  org.mule.config.spring.MuleArtifactContext - Refreshing org.mule.config.spring.MuleArtifactContext@32057e6: startup date [Thu Jun 11 01:55:23 IST 2020]; root of context hierarchy
2020-06-11 01:55:26,268 [main] INFO  org.mule.config.spring.processors.NoDevkitInjectorProcessor - JSR-330 'javax.inject.Inject' annotation found and supported for autowiring
2020-06-11 01:55:29,408 [main] WARN  org.mule.module.ognl.expression.OgnlExpressionEvaluator - OGNL module is deprecated and will be removed in Mule 4.0. Use MEL expressions instead.
2020-06-11 01:55:30,282 [main] INFO  org.mule.util.journal.TransactionJournal - Using files for tx logs E:\mule-it\.mule\.\.mule\jms_producer\queue-tx-log\tx1.log and E:\mule-it\.mule\.\.mule\jms_producer\queue-tx-log\tx2.log
2020-06-11 01:55:30,317 [main] INFO  org.mule.util.journal.TransactionJournal - Using files for tx logs E:\mule-it\.mule\.\.mule\jms_producer\queue-xa-tx-log\tx1.log and E:\mule-it\.mule\.\.mule\jms_producer\queue-xa-tx-log\tx2.log
2020-06-11 01:55:30,327 [main] INFO  org.mule.lifecycle.AbstractLifecycleManager - Initialising connector: Active_MQ
2020-06-11 01:55:31,297 [main] INFO  org.mule.lifecycle.AbstractLifecycleManager - Initialising model: _muleSystemModel
2020-06-11 01:55:31,305 [main] INFO  org.mule.construct.FlowConstructLifecycleManager - Initialising flow: jms_producerFlow
2020-06-11 01:55:31,306 [main] INFO  org.mule.exception.DefaultMessagingExceptionStrategy - Initialising exception listener: org.mule.exception.DefaultMessagingExceptionStrategy@550e9be6
2020-06-11 01:55:31,382 [main] INFO  org.mule.processor.SedaStageLifecycleManager - Initialising service: jms_producerFlow.stage1
2020-06-11 01:55:32,004 [main] INFO  org.mule.config.spring.SpringXmlConfigurationBuilder - Configured Mule using "org.mule.config.spring.SpringXmlConfigurationBuilder" with configuration resource(s): "[ConfigResource{resourceName='E:\mule-it\.mule\apps\jms_producer\jms_producer.xml'}]"
2020-06-11 01:55:32,005 [main] INFO  org.mule.config.builders.AutoConfigurationBuilder - Configured Mule using "org.mule.config.builders.AutoConfigurationBuilder" with configuration resource(s): "[ConfigResource{resourceName='E:\mule-it\.mule\apps\jms_producer\jms_producer.xml'}]"
2020-06-11 01:55:32,017 [main] INFO  com.mulesoft.module.policies.lifecyle.GateKeeper - GateKeeper Mode: DISABLED
2020-06-11 01:55:32,026 [main] INFO  org.mule.module.launcher.application.DefaultMuleApplication - 
++++++++++++++++++++++++++++++++++++++++++++++++++++++++++++
+ Starting app 'jms_producer'                              +
++++++++++++++++++++++++++++++++++++++++++++++++++++++++++++
2020-06-11 01:55:32,066 [main] INFO  org.mule.util.queue.QueueXaResourceManager - Starting ResourceManager
2020-06-11 01:55:32,066 [main] INFO  org.mule.util.queue.QueueXaResourceManager - Started ResourceManager
2020-06-11 01:55:32,160 [main] INFO  org.mule.module.http.internal.listener.DefaultHttpListenerConfig - Listening for requests on http://0.0.0.0:8081/jms
2020-06-11 01:55:32,908 [main] INFO  org.mule.transport.jms.activemq.ActiveMQJmsConnector - Connected: ActiveMQJmsConnector
{
  name=Active_MQ
  lifecycle=initialise
  this=21a9a705
  numberOfConcurrentTransactedReceivers=4
  createMultipleTransactedReceivers=true
  connected=true
  supportedProtocols=[jms]
  serviceOverrides=<none>
}

2020-06-11 01:55:32,908 [main] INFO  org.mule.transport.jms.activemq.ActiveMQJmsConnector - Starting: ActiveMQJmsConnector
{
  name=Active_MQ
  lifecycle=initialise
  this=21a9a705
  numberOfConcurrentTransactedReceivers=4
  createMultipleTransactedReceivers=true
  connected=true
  supportedProtocols=[jms]
  serviceOverrides=<none>
}

2020-06-11 01:55:32,911 [main] INFO  org.mule.lifecycle.AbstractLifecycleManager - Starting connector: Active_MQ
2020-06-11 01:55:32,925 [main] INFO  org.mule.lifecycle.AbstractLifecycleManager - Starting model: _muleSystemModel
2020-06-11 01:55:32,929 [main] INFO  org.mule.construct.FlowConstructLifecycleManager - Starting flow: jms_producerFlow
2020-06-11 01:55:32,931 [main] INFO  org.mule.processor.SedaStageLifecycleManager - Starting service: jms_producerFlow.stage1
2020-06-11 01:55:33,037 [main] INFO  org.mule.module.management.agent.WrapperManagerAgent - This JVM hasn't been launched by the wrapper, the agent will not run.
2020-06-11 01:55:33,089 [main] INFO  org.mule.module.management.agent.AbstractJmxAgent - Registered Connector Service with name Mule.jms_producer:type=Connector,name="Active_MQ"
2020-06-11 01:55:33,099 [main] INFO  org.mule.DefaultMuleContext - 
**********************************************************************
* Application: jms_producer                                          *
* OS encoding: \, Mule encoding: UTF-8                               *
*                                                                    *
* Agents Running:                                                    *
*   Batch module default engine                                      *
*   JMX Agent                                                        *
*   Wrapper Manager                                                  *
**********************************************************************
2020-06-11 01:55:55,359 [[jms_producer].HTTP_Listener_Configuration.worker.01] INFO  org.mule.transport.service.DefaultTransportServiceDescriptor - Loading default outbound transformer: org.mule.transport.jms.transformers.ObjectToJMSMessage
2020-06-11 01:55:55,363 [[jms_producer].HTTP_Listener_Configuration.worker.01] INFO  org.mule.transport.service.DefaultTransportServiceDescriptor - Loading default response transformer: org.mule.transport.jms.transformers.ObjectToJMSMessage
2020-06-11 01:55:55,364 [[jms_producer].HTTP_Listener_Configuration.worker.01] WARN  com.mulesoft.mule.transport.jms.EeJmsMessageDispatcher - Starting patched JmsMessageReceiver
2020-06-11 01:55:55,364 [[jms_producer].HTTP_Listener_Configuration.worker.01] INFO  org.mule.lifecycle.AbstractLifecycleManager - Initialising: 'Active_MQ.dispatcher.1659699808'. Object is: EeJmsMessageDispatcher
2020-06-11 01:55:55,364 [[jms_producer].HTTP_Listener_Configuration.worker.01] INFO  org.mule.lifecycle.AbstractLifecycleManager - Starting: 'Active_MQ.dispatcher.1659699808'. Object is: EeJmsMessageDispatcher
2020-06-11 01:55:55,564 [[jms_producer].HTTP_Listener_Configuration.worker.01] INFO  org.mule.api.processor.LoggerMessageProcessor - first_flow started
2020-06-11 01:58:27,137 [[jms_producer].HTTP_Listener_Configuration.worker.01] INFO  org.mule.api.processor.LoggerMessageProcessor - first_flow started
2020-06-11 02:00:34,722 [[jms_producer].HTTP_Listener_Configuration.worker.01] INFO  org.mule.api.processor.LoggerMessageProcessor - first_flow started
2020-06-11 02:01:21,669 [[jms_producer].HTTP_Listener_Configuration.worker.01] INFO  org.mule.api.processor.LoggerMessageProcessor - first_flow started
