2020-06-11 01:36:40,256 [main] INFO  org.mule.module.launcher.application.DefaultMuleApplication - 
++++++++++++++++++++++++++++++++++++++++++++++++++++++++++++
+ Initializing app 'jms_second_flow'                       +
++++++++++++++++++++++++++++++++++++++++++++++++++++++++++++
2020-06-11 01:36:40,279 [main] INFO  org.mule.lifecycle.AbstractLifecycleManager - Initialising RegistryBroker
2020-06-11 01:36:40,292 [main] INFO  org.mule.module.extension.internal.manager.DefaultExtensionManager - Starting discovery of extensions
2020-06-11 01:36:40,364 [main] INFO  org.mule.module.extension.internal.manager.DefaultExtensionManager - Discovered 1 extensions
2020-06-11 01:36:40,364 [main] INFO  org.mule.module.extension.internal.manager.DefaultExtensionManager - Registering extension validation (version 3.9)
2020-06-11 01:36:40,371 [main] INFO  org.mule.config.spring.MuleArtifactContext - Refreshing org.mule.config.spring.MuleArtifactContext@261de205: startup date [Thu Jun 11 01:36:40 IST 2020]; root of context hierarchy
2020-06-11 01:36:41,158 [main] INFO  org.mule.config.spring.processors.NoDevkitInjectorProcessor - JSR-330 'javax.inject.Inject' annotation found and supported for autowiring
2020-06-11 01:36:41,507 [main] INFO  org.mule.util.journal.TransactionJournal - Using files for tx logs E:\mule-it\.mule\.\.mule\jms_second_flow\queue-tx-log\tx1.log and E:\mule-it\.mule\.\.mule\jms_second_flow\queue-tx-log\tx2.log
2020-06-11 01:36:41,510 [main] INFO  org.mule.util.journal.TransactionJournal - Using files for tx logs E:\mule-it\.mule\.\.mule\jms_second_flow\queue-xa-tx-log\tx1.log and E:\mule-it\.mule\.\.mule\jms_second_flow\queue-xa-tx-log\tx2.log
2020-06-11 01:36:41,540 [main] INFO  org.mule.lifecycle.AbstractLifecycleManager - Initialising model: _muleSystemModel
2020-06-11 01:36:41,809 [main] INFO  org.mule.config.spring.SpringXmlConfigurationBuilder - Configured Mule using "org.mule.config.spring.SpringXmlConfigurationBuilder" with configuration resource(s): "[ConfigResource{resourceName='E:\mule-it\.mule\apps\jms_second_flow\jms_second_flow.xml'}]"
2020-06-11 01:36:41,812 [main] INFO  org.mule.config.builders.AutoConfigurationBuilder - Configured Mule using "org.mule.config.builders.AutoConfigurationBuilder" with configuration resource(s): "[ConfigResource{resourceName='E:\mule-it\.mule\apps\jms_second_flow\jms_second_flow.xml'}]"
2020-06-11 01:36:41,815 [main] INFO  org.mule.module.launcher.application.DefaultMuleApplication - 
++++++++++++++++++++++++++++++++++++++++++++++++++++++++++++
+ Starting app 'jms_second_flow'                           +
++++++++++++++++++++++++++++++++++++++++++++++++++++++++++++
2020-06-11 01:36:41,823 [main] INFO  org.mule.util.queue.QueueXaResourceManager - Starting ResourceManager
2020-06-11 01:36:41,823 [main] INFO  org.mule.util.queue.QueueXaResourceManager - Started ResourceManager
2020-06-11 01:36:41,843 [main] INFO  org.mule.lifecycle.AbstractLifecycleManager - Starting model: _muleSystemModel
2020-06-11 01:36:41,858 [main] INFO  org.mule.module.management.agent.WrapperManagerAgent - This JVM hasn't been launched by the wrapper, the agent will not run.
2020-06-11 01:36:41,868 [main] INFO  org.mule.DefaultMuleContext - 
**********************************************************************
* Application: jms_second_flow                                       *
* OS encoding: \, Mule encoding: UTF-8                               *
*                                                                    *
* Agents Running:                                                    *
*   Batch module default engine                                      *
*   JMX Agent                                                        *
*   Wrapper Manager                                                  *
**********************************************************************
2020-06-11 01:40:22,078 [Mule.app.deployer.monitor.1.thread.1] INFO  org.mule.module.launcher.application.DefaultMuleApplication - 
++++++++++++++++++++++++++++++++++++++++++++++++++++++++++++
+ Stopping app 'jms_second_flow'                           +
++++++++++++++++++++++++++++++++++++++++++++++++++++++++++++
2020-06-11 01:40:22,082 [Mule.app.deployer.monitor.1.thread.1] INFO  org.mule.lifecycle.AbstractLifecycleManager - Stopping model: _muleSystemModel
2020-06-11 01:40:22,171 [Mule.app.deployer.monitor.1.thread.1] INFO  org.mule.util.queue.QueueXaResourceManager - Stopping ResourceManager
2020-06-11 01:40:22,174 [Mule.app.deployer.monitor.1.thread.1] INFO  org.mule.util.queue.QueueXaResourceManager - Stopped ResourceManager
2020-06-11 01:40:22,186 [Mule.app.deployer.monitor.1.thread.1] INFO  org.mule.module.launcher.application.DefaultMuleApplication - 
++++++++++++++++++++++++++++++++++++++++++++++++++++++++++++
+ Disposing app 'jms_second_flow'                          +
++++++++++++++++++++++++++++++++++++++++++++++++++++++++++++
2020-06-11 01:40:22,192 [Mule.app.deployer.monitor.1.thread.1] INFO  org.mule.lifecycle.AbstractLifecycleManager - Disposing RegistryBroker
2020-06-11 01:40:22,197 [Mule.app.deployer.monitor.1.thread.1] INFO  org.mule.lifecycle.AbstractLifecycleManager - Disposing model: _muleSystemModel
2020-06-11 01:40:22,578 [Mule.app.deployer.monitor.1.thread.1] INFO  org.mule.config.spring.MuleArtifactContext - Closing org.mule.config.spring.MuleArtifactContext@261de205: startup date [Thu Jun 11 01:36:40 IST 2020]; root of context hierarchy
2020-06-11 01:40:22,613 [Mule.app.deployer.monitor.1.thread.1] INFO  org.mule.DefaultMuleContext - 
**********************************************************************
* Application "jms_second_flow" shut down normally on: 11/6/20 1:40  *
* AM                                                                 *
* Up for: 0 days, 0 hours, 3 mins, 40.792 sec                        *
**********************************************************************
2020-06-11 01:40:23,168 [Mule.app.deployer.monitor.1.thread.1] INFO  org.mule.module.launcher.application.DefaultMuleApplication - 
++++++++++++++++++++++++++++++++++++++++++++++++++++++++++++
+ Initializing app 'jms_second_flow'                       +
++++++++++++++++++++++++++++++++++++++++++++++++++++++++++++
2020-06-11 01:40:23,202 [Mule.app.deployer.monitor.1.thread.1] INFO  org.mule.lifecycle.AbstractLifecycleManager - Initialising RegistryBroker
2020-06-11 01:40:23,222 [Mule.app.deployer.monitor.1.thread.1] INFO  org.mule.module.extension.internal.manager.DefaultExtensionManager - Starting discovery of extensions
2020-06-11 01:40:23,264 [Mule.app.deployer.monitor.1.thread.1] INFO  org.mule.module.extension.internal.manager.DefaultExtensionManager - Discovered 1 extensions
2020-06-11 01:40:23,264 [Mule.app.deployer.monitor.1.thread.1] INFO  org.mule.module.extension.internal.manager.DefaultExtensionManager - Registering extension validation (version 3.9)
2020-06-11 01:40:23,271 [Mule.app.deployer.monitor.1.thread.1] INFO  org.mule.config.spring.MuleArtifactContext - Refreshing org.mule.config.spring.MuleArtifactContext@45d433fd: startup date [Thu Jun 11 01:40:23 IST 2020]; root of context hierarchy
2020-06-11 01:40:23,947 [Mule.app.deployer.monitor.1.thread.1] INFO  org.mule.config.spring.processors.NoDevkitInjectorProcessor - JSR-330 'javax.inject.Inject' annotation found and supported for autowiring
2020-06-11 01:40:24,404 [Mule.app.deployer.monitor.1.thread.1] INFO  org.mule.util.journal.TransactionJournal - Using files for tx logs E:\mule-it\.mule\.\.mule\jms_second_flow\queue-tx-log\tx1.log and E:\mule-it\.mule\.\.mule\jms_second_flow\queue-tx-log\tx2.log
2020-06-11 01:40:24,408 [Mule.app.deployer.monitor.1.thread.1] INFO  org.mule.util.journal.TransactionJournal - Using files for tx logs E:\mule-it\.mule\.\.mule\jms_second_flow\queue-xa-tx-log\tx1.log and E:\mule-it\.mule\.\.mule\jms_second_flow\queue-xa-tx-log\tx2.log
2020-06-11 01:40:24,413 [Mule.app.deployer.monitor.1.thread.1] INFO  org.mule.lifecycle.AbstractLifecycleManager - Initialising connector: Active_MQ
2020-06-11 01:40:24,451 [Mule.app.deployer.monitor.1.thread.1] INFO  org.mule.lifecycle.AbstractLifecycleManager - Initialising connector: connector.file.mule.default
2020-06-11 01:40:24,504 [Mule.app.deployer.monitor.1.thread.1] INFO  org.mule.lifecycle.AbstractLifecycleManager - Initialising model: _muleSystemModel
2020-06-11 01:40:24,507 [Mule.app.deployer.monitor.1.thread.1] INFO  org.mule.construct.FlowConstructLifecycleManager - Initialising flow: jms_second_flowFlow
2020-06-11 01:40:24,507 [Mule.app.deployer.monitor.1.thread.1] INFO  org.mule.exception.DefaultMessagingExceptionStrategy - Initialising exception listener: org.mule.exception.DefaultMessagingExceptionStrategy@6f7a19a
2020-06-11 01:40:24,522 [Mule.app.deployer.monitor.1.thread.1] INFO  org.mule.processor.SedaStageLifecycleManager - Initialising service: jms_second_flowFlow.stage1
2020-06-11 01:40:24,570 [Mule.app.deployer.monitor.1.thread.1] INFO  org.mule.config.spring.SpringXmlConfigurationBuilder - Configured Mule using "org.mule.config.spring.SpringXmlConfigurationBuilder" with configuration resource(s): "[ConfigResource{resourceName='E:\mule-it\.mule\apps\jms_second_flow\jms_second_flow.xml'}]"
2020-06-11 01:40:24,570 [Mule.app.deployer.monitor.1.thread.1] INFO  org.mule.config.builders.AutoConfigurationBuilder - Configured Mule using "org.mule.config.builders.AutoConfigurationBuilder" with configuration resource(s): "[ConfigResource{resourceName='E:\mule-it\.mule\apps\jms_second_flow\jms_second_flow.xml'}]"
2020-06-11 01:40:24,580 [Mule.app.deployer.monitor.1.thread.1] INFO  org.mule.module.launcher.application.DefaultMuleApplication - 
++++++++++++++++++++++++++++++++++++++++++++++++++++++++++++
+ Starting app 'jms_second_flow'                           +
++++++++++++++++++++++++++++++++++++++++++++++++++++++++++++
2020-06-11 01:40:24,589 [Mule.app.deployer.monitor.1.thread.1] INFO  org.mule.util.queue.QueueXaResourceManager - Starting ResourceManager
2020-06-11 01:40:24,589 [Mule.app.deployer.monitor.1.thread.1] INFO  org.mule.util.queue.QueueXaResourceManager - Started ResourceManager
2020-06-11 01:40:25,725 [Mule.app.deployer.monitor.1.thread.1] INFO  org.mule.transport.jms.activemq.ActiveMQJmsConnector - Connected: ActiveMQJmsConnector
{
  name=Active_MQ
  lifecycle=initialise
  this=4be69fcd
  numberOfConcurrentTransactedReceivers=4
  createMultipleTransactedReceivers=true
  connected=true
  supportedProtocols=[jms]
  serviceOverrides=<none>
}

2020-06-11 01:40:25,725 [Mule.app.deployer.monitor.1.thread.1] INFO  org.mule.transport.jms.activemq.ActiveMQJmsConnector - Starting: ActiveMQJmsConnector
{
  name=Active_MQ
  lifecycle=initialise
  this=4be69fcd
  numberOfConcurrentTransactedReceivers=4
  createMultipleTransactedReceivers=true
  connected=true
  supportedProtocols=[jms]
  serviceOverrides=<none>
}

2020-06-11 01:40:25,725 [Mule.app.deployer.monitor.1.thread.1] INFO  org.mule.lifecycle.AbstractLifecycleManager - Starting connector: Active_MQ
2020-06-11 01:40:25,726 [Mule.app.deployer.monitor.1.thread.1] INFO  org.mule.transport.file.FileConnector - Connected: FileConnector
{
  name=connector.file.mule.default
  lifecycle=initialise
  this=1e5c7686
  numberOfConcurrentTransactedReceivers=4
  createMultipleTransactedReceivers=true
  connected=true
  supportedProtocols=[file]
  serviceOverrides=<none>
}

2020-06-11 01:40:25,726 [Mule.app.deployer.monitor.1.thread.1] INFO  org.mule.transport.file.FileConnector - Starting: FileConnector
{
  name=connector.file.mule.default
  lifecycle=initialise
  this=1e5c7686
  numberOfConcurrentTransactedReceivers=4
  createMultipleTransactedReceivers=true
  connected=true
  supportedProtocols=[file]
  serviceOverrides=<none>
}

2020-06-11 01:40:25,726 [Mule.app.deployer.monitor.1.thread.1] INFO  org.mule.lifecycle.AbstractLifecycleManager - Starting connector: connector.file.mule.default
2020-06-11 01:40:25,734 [Mule.app.deployer.monitor.1.thread.1] INFO  org.mule.lifecycle.AbstractLifecycleManager - Starting model: _muleSystemModel
2020-06-11 01:40:25,737 [Mule.app.deployer.monitor.1.thread.1] INFO  org.mule.construct.FlowConstructLifecycleManager - Starting flow: jms_second_flowFlow
2020-06-11 01:40:25,737 [Mule.app.deployer.monitor.1.thread.1] INFO  org.mule.processor.SedaStageLifecycleManager - Starting service: jms_second_flowFlow.stage1
2020-06-11 01:40:25,801 [Mule.app.deployer.monitor.1.thread.1] INFO  org.mule.transport.jms.activemq.ActiveMQJmsConnector - Registering listener: jms_second_flowFlow on endpointUri: jms://t1
2020-06-11 01:40:25,860 [Mule.app.deployer.monitor.1.thread.1] INFO  org.mule.transport.service.DefaultTransportServiceDescriptor - Loading default inbound transformer: org.mule.transport.jms.transformers.JMSMessageToObject
2020-06-11 01:40:25,872 [Mule.app.deployer.monitor.1.thread.1] INFO  org.mule.transport.service.DefaultTransportServiceDescriptor - Loading default response transformer: org.mule.transport.jms.transformers.ObjectToJMSMessage
2020-06-11 01:40:25,882 [Mule.app.deployer.monitor.1.thread.1] INFO  org.mule.lifecycle.AbstractLifecycleManager - Initialising: 'null'. Object is: MultiConsumerJmsMessageReceiver
2020-06-11 01:40:25,887 [Mule.app.deployer.monitor.1.thread.1] INFO  org.mule.transport.jms.MultiConsumerJmsMessageReceiver - Connecting clusterizable message receiver
2020-06-11 01:40:26,225 [Mule.app.deployer.monitor.1.thread.1] INFO  org.mule.transport.jms.MultiConsumerJmsMessageReceiver - Endpoint jms://t1 has been successfully reconnected.
2020-06-11 01:40:26,226 [Mule.app.deployer.monitor.1.thread.1] INFO  org.mule.lifecycle.AbstractLifecycleManager - Starting: 'null'. Object is: MultiConsumerJmsMessageReceiver
2020-06-11 01:40:26,226 [Mule.app.deployer.monitor.1.thread.1] INFO  org.mule.transport.jms.MultiConsumerJmsMessageReceiver - Starting clusterizable message receiver
2020-06-11 01:40:26,229 [Mule.app.deployer.monitor.1.thread.1] INFO  org.mule.module.management.agent.WrapperManagerAgent - This JVM hasn't been launched by the wrapper, the agent will not run.
2020-06-11 01:40:26,240 [Mule.app.deployer.monitor.1.thread.1] INFO  org.mule.module.management.agent.AbstractJmxAgent - Attempting to register service with name: Mule.jms_second_flow:type=Endpoint,service="jms_second_flowFlow",connector=Active_MQ,name="endpoint.jms.t1"
2020-06-11 01:40:26,241 [Mule.app.deployer.monitor.1.thread.1] INFO  org.mule.module.management.agent.AbstractJmxAgent - Registered Endpoint Service with name: Mule.jms_second_flow:type=Endpoint,service="jms_second_flowFlow",connector=Active_MQ,name="endpoint.jms.t1"
2020-06-11 01:40:26,243 [Mule.app.deployer.monitor.1.thread.1] INFO  org.mule.module.management.agent.AbstractJmxAgent - Registered Connector Service with name Mule.jms_second_flow:type=Connector,name="connector.file.mule.default"
2020-06-11 01:40:26,244 [Mule.app.deployer.monitor.1.thread.1] INFO  org.mule.module.management.agent.AbstractJmxAgent - Registered Connector Service with name Mule.jms_second_flow:type=Connector,name="Active_MQ"
2020-06-11 01:40:26,248 [Mule.app.deployer.monitor.1.thread.1] INFO  org.mule.DefaultMuleContext - 
**********************************************************************
* Application: jms_second_flow                                       *
* OS encoding: \, Mule encoding: UTF-8                               *
*                                                                    *
* Agents Running:                                                    *
*   Batch module default engine                                      *
*   JMX Agent                                                        *
*   Wrapper Manager                                                  *
**********************************************************************
2020-06-11 01:41:50,289 [main] INFO  org.mule.module.launcher.application.DefaultMuleApplication - 
++++++++++++++++++++++++++++++++++++++++++++++++++++++++++++
+ Initializing app 'jms_second_flow'                       +
++++++++++++++++++++++++++++++++++++++++++++++++++++++++++++
2020-06-11 01:41:50,314 [main] INFO  org.mule.lifecycle.AbstractLifecycleManager - Initialising RegistryBroker
2020-06-11 01:41:50,325 [main] INFO  org.mule.module.extension.internal.manager.DefaultExtensionManager - Starting discovery of extensions
2020-06-11 01:41:50,373 [main] INFO  org.mule.module.extension.internal.manager.DefaultExtensionManager - Discovered 1 extensions
2020-06-11 01:41:50,373 [main] INFO  org.mule.module.extension.internal.manager.DefaultExtensionManager - Registering extension validation (version 3.9)
2020-06-11 01:41:50,379 [main] INFO  org.mule.config.spring.MuleArtifactContext - Refreshing org.mule.config.spring.MuleArtifactContext@2f054f70: startup date [Thu Jun 11 01:41:50 IST 2020]; root of context hierarchy
2020-06-11 01:41:51,306 [main] INFO  org.mule.config.spring.processors.NoDevkitInjectorProcessor - JSR-330 'javax.inject.Inject' annotation found and supported for autowiring
2020-06-11 01:41:51,825 [main] INFO  org.mule.util.journal.TransactionJournal - Using files for tx logs E:\mule-it\.mule\.\.mule\jms_second_flow\queue-tx-log\tx1.log and E:\mule-it\.mule\.\.mule\jms_second_flow\queue-tx-log\tx2.log
2020-06-11 01:41:51,832 [main] INFO  org.mule.util.journal.TransactionJournal - Using files for tx logs E:\mule-it\.mule\.\.mule\jms_second_flow\queue-xa-tx-log\tx1.log and E:\mule-it\.mule\.\.mule\jms_second_flow\queue-xa-tx-log\tx2.log
2020-06-11 01:41:51,840 [main] INFO  org.mule.lifecycle.AbstractLifecycleManager - Initialising connector: Active_MQ
2020-06-11 01:41:51,879 [main] INFO  org.mule.lifecycle.AbstractLifecycleManager - Initialising connector: connector.file.mule.default
2020-06-11 01:41:51,948 [main] INFO  org.mule.lifecycle.AbstractLifecycleManager - Initialising model: _muleSystemModel
2020-06-11 01:41:51,952 [main] INFO  org.mule.construct.FlowConstructLifecycleManager - Initialising flow: jms_second_flowFlow
2020-06-11 01:41:51,953 [main] INFO  org.mule.exception.DefaultMessagingExceptionStrategy - Initialising exception listener: org.mule.exception.DefaultMessagingExceptionStrategy@632cf7d3
2020-06-11 01:41:51,965 [main] INFO  org.mule.processor.SedaStageLifecycleManager - Initialising service: jms_second_flowFlow.stage1
2020-06-11 01:41:52,029 [main] INFO  org.mule.config.spring.SpringXmlConfigurationBuilder - Configured Mule using "org.mule.config.spring.SpringXmlConfigurationBuilder" with configuration resource(s): "[ConfigResource{resourceName='E:\mule-it\.mule\apps\jms_second_flow\jms_second_flow.xml'}]"
2020-06-11 01:41:52,030 [main] INFO  org.mule.config.builders.AutoConfigurationBuilder - Configured Mule using "org.mule.config.builders.AutoConfigurationBuilder" with configuration resource(s): "[ConfigResource{resourceName='E:\mule-it\.mule\apps\jms_second_flow\jms_second_flow.xml'}]"
2020-06-11 01:41:52,033 [main] INFO  org.mule.module.launcher.application.DefaultMuleApplication - 
++++++++++++++++++++++++++++++++++++++++++++++++++++++++++++
+ Starting app 'jms_second_flow'                           +
++++++++++++++++++++++++++++++++++++++++++++++++++++++++++++
2020-06-11 01:41:52,068 [main] INFO  org.mule.util.queue.QueueXaResourceManager - Starting ResourceManager
2020-06-11 01:41:52,068 [main] INFO  org.mule.util.queue.QueueXaResourceManager - Started ResourceManager
2020-06-11 01:41:52,688 [main] INFO  org.mule.transport.jms.activemq.ActiveMQJmsConnector - Connected: ActiveMQJmsConnector
{
  name=Active_MQ
  lifecycle=initialise
  this=53016b11
  numberOfConcurrentTransactedReceivers=4
  createMultipleTransactedReceivers=true
  connected=true
  supportedProtocols=[jms]
  serviceOverrides=<none>
}

2020-06-11 01:41:52,688 [main] INFO  org.mule.transport.jms.activemq.ActiveMQJmsConnector - Starting: ActiveMQJmsConnector
{
  name=Active_MQ
  lifecycle=initialise
  this=53016b11
  numberOfConcurrentTransactedReceivers=4
  createMultipleTransactedReceivers=true
  connected=true
  supportedProtocols=[jms]
  serviceOverrides=<none>
}

2020-06-11 01:41:52,688 [main] INFO  org.mule.lifecycle.AbstractLifecycleManager - Starting connector: Active_MQ
2020-06-11 01:41:52,688 [main] INFO  org.mule.transport.file.FileConnector - Connected: FileConnector
{
  name=connector.file.mule.default
  lifecycle=initialise
  this=7f0d8eff
  numberOfConcurrentTransactedReceivers=4
  createMultipleTransactedReceivers=true
  connected=true
  supportedProtocols=[file]
  serviceOverrides=<none>
}

2020-06-11 01:41:52,688 [main] INFO  org.mule.transport.file.FileConnector - Starting: FileConnector
{
  name=connector.file.mule.default
  lifecycle=initialise
  this=7f0d8eff
  numberOfConcurrentTransactedReceivers=4
  createMultipleTransactedReceivers=true
  connected=true
  supportedProtocols=[file]
  serviceOverrides=<none>
}

2020-06-11 01:41:52,689 [main] INFO  org.mule.lifecycle.AbstractLifecycleManager - Starting connector: connector.file.mule.default
2020-06-11 01:41:52,703 [main] INFO  org.mule.lifecycle.AbstractLifecycleManager - Starting model: _muleSystemModel
2020-06-11 01:41:52,706 [main] INFO  org.mule.construct.FlowConstructLifecycleManager - Starting flow: jms_second_flowFlow
2020-06-11 01:41:52,707 [main] INFO  org.mule.processor.SedaStageLifecycleManager - Starting service: jms_second_flowFlow.stage1
2020-06-11 01:41:52,754 [main] INFO  org.mule.transport.jms.activemq.ActiveMQJmsConnector - Registering listener: jms_second_flowFlow on endpointUri: jms://t1
2020-06-11 01:41:52,793 [main] INFO  org.mule.transport.service.DefaultTransportServiceDescriptor - Loading default inbound transformer: org.mule.transport.jms.transformers.JMSMessageToObject
2020-06-11 01:41:52,796 [main] INFO  org.mule.transport.service.DefaultTransportServiceDescriptor - Loading default response transformer: org.mule.transport.jms.transformers.ObjectToJMSMessage
2020-06-11 01:41:52,823 [main] INFO  org.mule.lifecycle.AbstractLifecycleManager - Initialising: 'null'. Object is: MultiConsumerJmsMessageReceiver
2020-06-11 01:41:52,827 [main] INFO  org.mule.transport.jms.MultiConsumerJmsMessageReceiver - Connecting clusterizable message receiver
2020-06-11 01:41:53,078 [main] INFO  org.mule.transport.jms.MultiConsumerJmsMessageReceiver - Endpoint jms://t1 has been successfully reconnected.
2020-06-11 01:41:53,080 [main] INFO  org.mule.lifecycle.AbstractLifecycleManager - Starting: 'null'. Object is: MultiConsumerJmsMessageReceiver
2020-06-11 01:41:53,080 [main] INFO  org.mule.transport.jms.MultiConsumerJmsMessageReceiver - Starting clusterizable message receiver
2020-06-11 01:41:53,085 [main] INFO  org.mule.module.management.agent.WrapperManagerAgent - This JVM hasn't been launched by the wrapper, the agent will not run.
2020-06-11 01:41:53,103 [main] INFO  org.mule.module.management.agent.AbstractJmxAgent - Attempting to register service with name: Mule.jms_second_flow:type=Endpoint,service="jms_second_flowFlow",connector=Active_MQ,name="endpoint.jms.t1"
2020-06-11 01:41:53,104 [main] INFO  org.mule.module.management.agent.AbstractJmxAgent - Registered Endpoint Service with name: Mule.jms_second_flow:type=Endpoint,service="jms_second_flowFlow",connector=Active_MQ,name="endpoint.jms.t1"
2020-06-11 01:41:53,105 [main] INFO  org.mule.module.management.agent.AbstractJmxAgent - Registered Connector Service with name Mule.jms_second_flow:type=Connector,name="connector.file.mule.default"
2020-06-11 01:41:53,106 [main] INFO  org.mule.module.management.agent.AbstractJmxAgent - Registered Connector Service with name Mule.jms_second_flow:type=Connector,name="Active_MQ"
2020-06-11 01:41:53,113 [main] INFO  org.mule.DefaultMuleContext - 
**********************************************************************
* Application: jms_second_flow                                       *
* OS encoding: \, Mule encoding: UTF-8                               *
*                                                                    *
* Agents Running:                                                    *
*   Batch module default engine                                      *
*   JMX Agent                                                        *
*   Wrapper Manager                                                  *
**********************************************************************
2020-06-11 01:43:05,890 [ActiveMQ Session Task-2] WARN  org.mule.session.SerializeAndEncodeSessionHandler - Trying to deserialize a session but no signature validation key specified.
2020-06-11 01:43:05,890 [ActiveMQ Session Task-2] WARN  org.mule.session.SerializeAndEncodeSessionHandler - Trying to deserialize a session but no signature validation key specified.
2020-06-11 01:43:05,918 [[jms_second_flow].jms_second_flowFlow.stage1.02] INFO  org.mule.api.processor.LoggerMessageProcessor - second_flow started...
2020-06-11 01:43:05,931 [[jms_second_flow].connector.file.mule.default.dispatcher.01] INFO  org.mule.lifecycle.AbstractLifecycleManager - Initialising: 'connector.file.mule.default.dispatcher.384679302'. Object is: FileMessageDispatcher
2020-06-11 01:43:05,972 [[jms_second_flow].connector.file.mule.default.dispatcher.01] INFO  org.mule.lifecycle.AbstractLifecycleManager - Starting: 'connector.file.mule.default.dispatcher.384679302'. Object is: FileMessageDispatcher
2020-06-11 01:43:06,020 [[jms_second_flow].connector.file.mule.default.dispatcher.01] INFO  org.mule.transport.file.FileConnector - Writing file to: E:\mule-it\jms_second_flow\jms_file\22350850075437.json
2020-06-11 01:48:39,144 [main] INFO  org.mule.module.launcher.application.DefaultMuleApplication - 
++++++++++++++++++++++++++++++++++++++++++++++++++++++++++++
+ Initializing app 'jms_second_flow'                       +
++++++++++++++++++++++++++++++++++++++++++++++++++++++++++++
2020-06-11 01:48:39,170 [main] INFO  org.mule.lifecycle.AbstractLifecycleManager - Initialising RegistryBroker
2020-06-11 01:48:39,186 [main] INFO  org.mule.module.extension.internal.manager.DefaultExtensionManager - Starting discovery of extensions
2020-06-11 01:48:39,226 [main] INFO  org.mule.module.extension.internal.manager.DefaultExtensionManager - Discovered 1 extensions
2020-06-11 01:48:39,226 [main] INFO  org.mule.module.extension.internal.manager.DefaultExtensionManager - Registering extension validation (version 3.9)
2020-06-11 01:48:39,234 [main] INFO  org.mule.config.spring.MuleArtifactContext - Refreshing org.mule.config.spring.MuleArtifactContext@4525e9e8: startup date [Thu Jun 11 01:48:39 IST 2020]; root of context hierarchy
2020-06-11 01:48:40,031 [main] INFO  org.mule.config.spring.processors.NoDevkitInjectorProcessor - JSR-330 'javax.inject.Inject' annotation found and supported for autowiring
2020-06-11 01:48:40,608 [main] INFO  org.mule.util.journal.TransactionJournal - Using files for tx logs E:\mule-it\.mule\.\.mule\jms_second_flow\queue-tx-log\tx1.log and E:\mule-it\.mule\.\.mule\jms_second_flow\queue-tx-log\tx2.log
2020-06-11 01:48:40,612 [main] INFO  org.mule.util.journal.TransactionJournal - Using files for tx logs E:\mule-it\.mule\.\.mule\jms_second_flow\queue-xa-tx-log\tx1.log and E:\mule-it\.mule\.\.mule\jms_second_flow\queue-xa-tx-log\tx2.log
2020-06-11 01:48:40,617 [main] INFO  org.mule.lifecycle.AbstractLifecycleManager - Initialising connector: Active_MQ
2020-06-11 01:48:40,651 [main] INFO  org.mule.lifecycle.AbstractLifecycleManager - Initialising connector: connector.file.mule.default
2020-06-11 01:48:40,704 [main] INFO  org.mule.lifecycle.AbstractLifecycleManager - Initialising model: _muleSystemModel
2020-06-11 01:48:40,707 [main] INFO  org.mule.construct.FlowConstructLifecycleManager - Initialising flow: jms_second_flowFlow
2020-06-11 01:48:40,707 [main] INFO  org.mule.exception.DefaultMessagingExceptionStrategy - Initialising exception listener: org.mule.exception.DefaultMessagingExceptionStrategy@ad3f70a
2020-06-11 01:48:40,716 [main] INFO  org.mule.processor.SedaStageLifecycleManager - Initialising service: jms_second_flowFlow.stage1
2020-06-11 01:48:40,770 [main] INFO  org.mule.config.spring.SpringXmlConfigurationBuilder - Configured Mule using "org.mule.config.spring.SpringXmlConfigurationBuilder" with configuration resource(s): "[ConfigResource{resourceName='E:\mule-it\.mule\apps\jms_second_flow\jms_second_flow.xml'}]"
2020-06-11 01:48:40,770 [main] INFO  org.mule.config.builders.AutoConfigurationBuilder - Configured Mule using "org.mule.config.builders.AutoConfigurationBuilder" with configuration resource(s): "[ConfigResource{resourceName='E:\mule-it\.mule\apps\jms_second_flow\jms_second_flow.xml'}]"
2020-06-11 01:48:40,774 [main] INFO  org.mule.module.launcher.application.DefaultMuleApplication - 
++++++++++++++++++++++++++++++++++++++++++++++++++++++++++++
+ Starting app 'jms_second_flow'                           +
++++++++++++++++++++++++++++++++++++++++++++++++++++++++++++
2020-06-11 01:48:40,784 [main] INFO  org.mule.util.queue.QueueXaResourceManager - Starting ResourceManager
2020-06-11 01:48:40,784 [main] INFO  org.mule.util.queue.QueueXaResourceManager - Started ResourceManager
2020-06-11 01:48:41,477 [main] INFO  org.mule.transport.jms.activemq.ActiveMQJmsConnector - Connected: ActiveMQJmsConnector
{
  name=Active_MQ
  lifecycle=initialise
  this=4b4969ea
  numberOfConcurrentTransactedReceivers=4
  createMultipleTransactedReceivers=true
  connected=true
  supportedProtocols=[jms]
  serviceOverrides=<none>
}

2020-06-11 01:48:41,477 [main] INFO  org.mule.transport.jms.activemq.ActiveMQJmsConnector - Starting: ActiveMQJmsConnector
{
  name=Active_MQ
  lifecycle=initialise
  this=4b4969ea
  numberOfConcurrentTransactedReceivers=4
  createMultipleTransactedReceivers=true
  connected=true
  supportedProtocols=[jms]
  serviceOverrides=<none>
}

2020-06-11 01:48:41,477 [main] INFO  org.mule.lifecycle.AbstractLifecycleManager - Starting connector: Active_MQ
2020-06-11 01:48:41,477 [main] INFO  org.mule.transport.file.FileConnector - Connected: FileConnector
{
  name=connector.file.mule.default
  lifecycle=initialise
  this=72c4a3aa
  numberOfConcurrentTransactedReceivers=4
  createMultipleTransactedReceivers=true
  connected=true
  supportedProtocols=[file]
  serviceOverrides=<none>
}

2020-06-11 01:48:41,478 [main] INFO  org.mule.transport.file.FileConnector - Starting: FileConnector
{
  name=connector.file.mule.default
  lifecycle=initialise
  this=72c4a3aa
  numberOfConcurrentTransactedReceivers=4
  createMultipleTransactedReceivers=true
  connected=true
  supportedProtocols=[file]
  serviceOverrides=<none>
}

2020-06-11 01:48:41,478 [main] INFO  org.mule.lifecycle.AbstractLifecycleManager - Starting connector: connector.file.mule.default
2020-06-11 01:48:41,488 [main] INFO  org.mule.lifecycle.AbstractLifecycleManager - Starting model: _muleSystemModel
2020-06-11 01:48:41,490 [main] INFO  org.mule.construct.FlowConstructLifecycleManager - Starting flow: jms_second_flowFlow
2020-06-11 01:48:41,491 [main] INFO  org.mule.processor.SedaStageLifecycleManager - Starting service: jms_second_flowFlow.stage1
2020-06-11 01:48:41,512 [main] INFO  org.mule.transport.jms.activemq.ActiveMQJmsConnector - Registering listener: jms_second_flowFlow on endpointUri: jms://t1
2020-06-11 01:48:41,544 [main] INFO  org.mule.transport.service.DefaultTransportServiceDescriptor - Loading default inbound transformer: org.mule.transport.jms.transformers.JMSMessageToObject
2020-06-11 01:48:41,546 [main] INFO  org.mule.transport.service.DefaultTransportServiceDescriptor - Loading default response transformer: org.mule.transport.jms.transformers.ObjectToJMSMessage
2020-06-11 01:48:41,554 [main] INFO  org.mule.lifecycle.AbstractLifecycleManager - Initialising: 'null'. Object is: MultiConsumerJmsMessageReceiver
2020-06-11 01:48:41,558 [main] INFO  org.mule.transport.jms.MultiConsumerJmsMessageReceiver - Connecting clusterizable message receiver
2020-06-11 01:48:41,730 [main] INFO  org.mule.transport.jms.MultiConsumerJmsMessageReceiver - Endpoint jms://t1 has been successfully reconnected.
2020-06-11 01:48:41,731 [main] INFO  org.mule.lifecycle.AbstractLifecycleManager - Starting: 'null'. Object is: MultiConsumerJmsMessageReceiver
2020-06-11 01:48:41,731 [main] INFO  org.mule.transport.jms.MultiConsumerJmsMessageReceiver - Starting clusterizable message receiver
2020-06-11 01:48:41,745 [main] INFO  org.mule.module.management.agent.WrapperManagerAgent - This JVM hasn't been launched by the wrapper, the agent will not run.
2020-06-11 01:48:41,757 [main] INFO  org.mule.module.management.agent.AbstractJmxAgent - Attempting to register service with name: Mule.jms_second_flow:type=Endpoint,service="jms_second_flowFlow",connector=Active_MQ,name="endpoint.jms.t1"
2020-06-11 01:48:41,758 [main] INFO  org.mule.module.management.agent.AbstractJmxAgent - Registered Endpoint Service with name: Mule.jms_second_flow:type=Endpoint,service="jms_second_flowFlow",connector=Active_MQ,name="endpoint.jms.t1"
2020-06-11 01:48:41,759 [main] INFO  org.mule.module.management.agent.AbstractJmxAgent - Registered Connector Service with name Mule.jms_second_flow:type=Connector,name="connector.file.mule.default"
2020-06-11 01:48:41,759 [main] INFO  org.mule.module.management.agent.AbstractJmxAgent - Registered Connector Service with name Mule.jms_second_flow:type=Connector,name="Active_MQ"
2020-06-11 01:48:41,762 [main] INFO  org.mule.DefaultMuleContext - 
**********************************************************************
* Application: jms_second_flow                                       *
* OS encoding: \, Mule encoding: UTF-8                               *
*                                                                    *
* Agents Running:                                                    *
*   Batch module default engine                                      *
*   JMX Agent                                                        *
*   Wrapper Manager                                                  *
**********************************************************************
2020-06-11 01:49:38,123 [main] INFO  org.mule.module.launcher.application.DefaultMuleApplication - 
++++++++++++++++++++++++++++++++++++++++++++++++++++++++++++
+ Initializing app 'jms_second_flow'                       +
++++++++++++++++++++++++++++++++++++++++++++++++++++++++++++
2020-06-11 01:49:38,140 [main] INFO  org.mule.lifecycle.AbstractLifecycleManager - Initialising RegistryBroker
2020-06-11 01:49:38,152 [main] INFO  org.mule.module.extension.internal.manager.DefaultExtensionManager - Starting discovery of extensions
2020-06-11 01:49:38,194 [main] INFO  org.mule.module.extension.internal.manager.DefaultExtensionManager - Discovered 1 extensions
2020-06-11 01:49:38,194 [main] INFO  org.mule.module.extension.internal.manager.DefaultExtensionManager - Registering extension validation (version 3.9)
2020-06-11 01:49:38,202 [main] INFO  org.mule.config.spring.MuleArtifactContext - Refreshing org.mule.config.spring.MuleArtifactContext@4525e9e8: startup date [Thu Jun 11 01:49:38 IST 2020]; root of context hierarchy
2020-06-11 01:49:39,022 [main] INFO  org.mule.config.spring.processors.NoDevkitInjectorProcessor - JSR-330 'javax.inject.Inject' annotation found and supported for autowiring
2020-06-11 01:49:39,535 [main] INFO  org.mule.util.journal.TransactionJournal - Using files for tx logs E:\mule-it\.mule\.\.mule\jms_second_flow\queue-tx-log\tx1.log and E:\mule-it\.mule\.\.mule\jms_second_flow\queue-tx-log\tx2.log
2020-06-11 01:49:39,539 [main] INFO  org.mule.util.journal.TransactionJournal - Using files for tx logs E:\mule-it\.mule\.\.mule\jms_second_flow\queue-xa-tx-log\tx1.log and E:\mule-it\.mule\.\.mule\jms_second_flow\queue-xa-tx-log\tx2.log
2020-06-11 01:49:39,544 [main] INFO  org.mule.lifecycle.AbstractLifecycleManager - Initialising connector: Active_MQ
2020-06-11 01:49:39,586 [main] INFO  org.mule.lifecycle.AbstractLifecycleManager - Initialising connector: connector.file.mule.default
2020-06-11 01:49:39,650 [main] INFO  org.mule.lifecycle.AbstractLifecycleManager - Initialising model: _muleSystemModel
2020-06-11 01:49:39,653 [main] INFO  org.mule.construct.FlowConstructLifecycleManager - Initialising flow: jms_second_flowFlow
2020-06-11 01:49:39,653 [main] INFO  org.mule.exception.DefaultMessagingExceptionStrategy - Initialising exception listener: org.mule.exception.DefaultMessagingExceptionStrategy@ad3f70a
2020-06-11 01:49:39,664 [main] INFO  org.mule.processor.SedaStageLifecycleManager - Initialising service: jms_second_flowFlow.stage1
2020-06-11 01:49:39,734 [main] INFO  org.mule.config.spring.SpringXmlConfigurationBuilder - Configured Mule using "org.mule.config.spring.SpringXmlConfigurationBuilder" with configuration resource(s): "[ConfigResource{resourceName='E:\mule-it\.mule\apps\jms_second_flow\jms_second_flow.xml'}]"
2020-06-11 01:49:39,734 [main] INFO  org.mule.config.builders.AutoConfigurationBuilder - Configured Mule using "org.mule.config.builders.AutoConfigurationBuilder" with configuration resource(s): "[ConfigResource{resourceName='E:\mule-it\.mule\apps\jms_second_flow\jms_second_flow.xml'}]"
2020-06-11 01:49:39,736 [main] INFO  org.mule.module.launcher.application.DefaultMuleApplication - 
++++++++++++++++++++++++++++++++++++++++++++++++++++++++++++
+ Starting app 'jms_second_flow'                           +
++++++++++++++++++++++++++++++++++++++++++++++++++++++++++++
2020-06-11 01:49:39,745 [main] INFO  org.mule.util.queue.QueueXaResourceManager - Starting ResourceManager
2020-06-11 01:49:39,745 [main] INFO  org.mule.util.queue.QueueXaResourceManager - Started ResourceManager
2020-06-11 01:49:40,505 [main] INFO  org.mule.transport.jms.activemq.ActiveMQJmsConnector - Connected: ActiveMQJmsConnector
{
  name=Active_MQ
  lifecycle=initialise
  this=4b4969ea
  numberOfConcurrentTransactedReceivers=4
  createMultipleTransactedReceivers=true
  connected=true
  supportedProtocols=[jms]
  serviceOverrides=<none>
}

2020-06-11 01:49:40,505 [main] INFO  org.mule.transport.jms.activemq.ActiveMQJmsConnector - Starting: ActiveMQJmsConnector
{
  name=Active_MQ
  lifecycle=initialise
  this=4b4969ea
  numberOfConcurrentTransactedReceivers=4
  createMultipleTransactedReceivers=true
  connected=true
  supportedProtocols=[jms]
  serviceOverrides=<none>
}

2020-06-11 01:49:40,505 [main] INFO  org.mule.lifecycle.AbstractLifecycleManager - Starting connector: Active_MQ
2020-06-11 01:49:40,506 [main] INFO  org.mule.transport.file.FileConnector - Connected: FileConnector
{
  name=connector.file.mule.default
  lifecycle=initialise
  this=72c4a3aa
  numberOfConcurrentTransactedReceivers=4
  createMultipleTransactedReceivers=true
  connected=true
  supportedProtocols=[file]
  serviceOverrides=<none>
}

2020-06-11 01:49:40,506 [main] INFO  org.mule.transport.file.FileConnector - Starting: FileConnector
{
  name=connector.file.mule.default
  lifecycle=initialise
  this=72c4a3aa
  numberOfConcurrentTransactedReceivers=4
  createMultipleTransactedReceivers=true
  connected=true
  supportedProtocols=[file]
  serviceOverrides=<none>
}

2020-06-11 01:49:40,506 [main] INFO  org.mule.lifecycle.AbstractLifecycleManager - Starting connector: connector.file.mule.default
2020-06-11 01:49:40,515 [main] INFO  org.mule.lifecycle.AbstractLifecycleManager - Starting model: _muleSystemModel
2020-06-11 01:49:40,517 [main] INFO  org.mule.construct.FlowConstructLifecycleManager - Starting flow: jms_second_flowFlow
2020-06-11 01:49:40,517 [main] INFO  org.mule.processor.SedaStageLifecycleManager - Starting service: jms_second_flowFlow.stage1
2020-06-11 01:49:40,541 [main] INFO  org.mule.transport.jms.activemq.ActiveMQJmsConnector - Registering listener: jms_second_flowFlow on endpointUri: jms://t1
2020-06-11 01:49:40,576 [main] INFO  org.mule.transport.service.DefaultTransportServiceDescriptor - Loading default inbound transformer: org.mule.transport.jms.transformers.JMSMessageToObject
2020-06-11 01:49:40,577 [main] INFO  org.mule.transport.service.DefaultTransportServiceDescriptor - Loading default response transformer: org.mule.transport.jms.transformers.ObjectToJMSMessage
2020-06-11 01:49:40,586 [main] INFO  org.mule.lifecycle.AbstractLifecycleManager - Initialising: 'null'. Object is: MultiConsumerJmsMessageReceiver
2020-06-11 01:49:40,590 [main] INFO  org.mule.transport.jms.MultiConsumerJmsMessageReceiver - Connecting clusterizable message receiver
2020-06-11 01:49:40,771 [main] INFO  org.mule.transport.jms.MultiConsumerJmsMessageReceiver - Endpoint jms://t1 has been successfully reconnected.
2020-06-11 01:49:40,772 [main] INFO  org.mule.lifecycle.AbstractLifecycleManager - Starting: 'null'. Object is: MultiConsumerJmsMessageReceiver
2020-06-11 01:49:40,773 [main] INFO  org.mule.transport.jms.MultiConsumerJmsMessageReceiver - Starting clusterizable message receiver
2020-06-11 01:49:40,777 [main] INFO  org.mule.module.management.agent.WrapperManagerAgent - This JVM hasn't been launched by the wrapper, the agent will not run.
2020-06-11 01:49:40,804 [main] INFO  org.mule.module.management.agent.AbstractJmxAgent - Attempting to register service with name: Mule.jms_second_flow:type=Endpoint,service="jms_second_flowFlow",connector=Active_MQ,name="endpoint.jms.t1"
2020-06-11 01:49:40,805 [main] INFO  org.mule.module.management.agent.AbstractJmxAgent - Registered Endpoint Service with name: Mule.jms_second_flow:type=Endpoint,service="jms_second_flowFlow",connector=Active_MQ,name="endpoint.jms.t1"
2020-06-11 01:49:40,806 [main] INFO  org.mule.module.management.agent.AbstractJmxAgent - Registered Connector Service with name Mule.jms_second_flow:type=Connector,name="connector.file.mule.default"
2020-06-11 01:49:40,806 [main] INFO  org.mule.module.management.agent.AbstractJmxAgent - Registered Connector Service with name Mule.jms_second_flow:type=Connector,name="Active_MQ"
2020-06-11 01:49:40,808 [main] INFO  org.mule.DefaultMuleContext - 
**********************************************************************
* Application: jms_second_flow                                       *
* OS encoding: \, Mule encoding: UTF-8                               *
*                                                                    *
* Agents Running:                                                    *
*   Batch module default engine                                      *
*   JMX Agent                                                        *
*   Wrapper Manager                                                  *
**********************************************************************
2020-06-11 01:49:55,847 [Mule.app.deployer.monitor.1.thread.1] INFO  org.mule.module.launcher.application.DefaultMuleApplication - 
++++++++++++++++++++++++++++++++++++++++++++++++++++++++++++
+ Stopping app 'jms_second_flow'                           +
++++++++++++++++++++++++++++++++++++++++++++++++++++++++++++
2020-06-11 01:49:55,852 [Mule.app.deployer.monitor.1.thread.1] INFO  org.mule.construct.FlowConstructLifecycleManager - Stopping flow: jms_second_flowFlow
2020-06-11 01:49:55,852 [Mule.app.deployer.monitor.1.thread.1] INFO  org.mule.transport.jms.activemq.ActiveMQJmsConnector - Removing listener on endpointUri: jms://t1
2020-06-11 01:49:55,861 [Mule.app.deployer.monitor.1.thread.1] INFO  org.mule.lifecycle.AbstractLifecycleManager - Stopping: 'null'. Object is: MultiConsumerJmsMessageReceiver
2020-06-11 01:49:55,875 [Mule.app.deployer.monitor.1.thread.1] INFO  org.mule.lifecycle.AbstractLifecycleManager - Disposing: 'null'. Object is: MultiConsumerJmsMessageReceiver
2020-06-11 01:49:55,876 [Mule.app.deployer.monitor.1.thread.1] INFO  org.mule.processor.SedaStageLifecycleManager - Stopping service: jms_second_flowFlow.stage1
2020-06-11 01:49:55,952 [Mule.app.deployer.monitor.1.thread.1] INFO  org.mule.lifecycle.AbstractLifecycleManager - Stopping model: _muleSystemModel
2020-06-11 01:49:55,958 [Mule.app.deployer.monitor.1.thread.1] INFO  org.mule.lifecycle.AbstractLifecycleManager - Stopping connector: Active_MQ
2020-06-11 01:49:55,960 [Mule.app.deployer.monitor.1.thread.1] INFO  org.mule.lifecycle.AbstractLifecycleManager - Stopping connector: connector.file.mule.default
2020-06-11 01:49:55,966 [Mule.app.deployer.monitor.1.thread.1] INFO  org.mule.util.queue.QueueXaResourceManager - Stopping ResourceManager
2020-06-11 01:49:55,966 [Mule.app.deployer.monitor.1.thread.1] INFO  org.mule.util.queue.QueueXaResourceManager - Stopped ResourceManager
2020-06-11 01:49:55,976 [Mule.app.deployer.monitor.1.thread.1] INFO  org.mule.module.launcher.application.DefaultMuleApplication - 
++++++++++++++++++++++++++++++++++++++++++++++++++++++++++++
+ Disposing app 'jms_second_flow'                          +
++++++++++++++++++++++++++++++++++++++++++++++++++++++++++++
2020-06-11 01:49:55,978 [Mule.app.deployer.monitor.1.thread.1] INFO  org.mule.lifecycle.AbstractLifecycleManager - Disposing RegistryBroker
2020-06-11 01:49:55,981 [Mule.app.deployer.monitor.1.thread.1] INFO  org.mule.construct.FlowConstructLifecycleManager - Disposing flow: jms_second_flowFlow
2020-06-11 01:49:55,982 [Mule.app.deployer.monitor.1.thread.1] INFO  org.mule.processor.SedaStageLifecycleManager - Disposing service: jms_second_flowFlow.stage1
2020-06-11 01:49:55,990 [Mule.app.deployer.monitor.1.thread.1] INFO  org.mule.lifecycle.AbstractLifecycleManager - Disposing model: _muleSystemModel
2020-06-11 01:49:56,101 [Mule.app.deployer.monitor.1.thread.1] INFO  org.mule.transport.jms.activemq.ActiveMQJmsConnector - Disconnected: ActiveMQJmsConnector
{
  name=Active_MQ
  lifecycle=stop
  this=4b4969ea
  numberOfConcurrentTransactedReceivers=4
  createMultipleTransactedReceivers=true
  connected=true
  supportedProtocols=[jms]
  serviceOverrides=<none>
}

2020-06-11 01:49:56,103 [Mule.app.deployer.monitor.1.thread.1] INFO  org.mule.lifecycle.AbstractLifecycleManager - Disposing connector: Active_MQ
2020-06-11 01:49:56,104 [Mule.app.deployer.monitor.1.thread.1] INFO  org.mule.transport.file.FileConnector - Disconnected: FileConnector
{
  name=connector.file.mule.default
  lifecycle=stop
  this=72c4a3aa
  numberOfConcurrentTransactedReceivers=4
  createMultipleTransactedReceivers=true
  connected=true
  supportedProtocols=[file]
  serviceOverrides=<none>
}

2020-06-11 01:49:56,105 [Mule.app.deployer.monitor.1.thread.1] INFO  org.mule.lifecycle.AbstractLifecycleManager - Disposing connector: connector.file.mule.default
2020-06-11 01:49:56,833 [Mule.app.deployer.monitor.1.thread.1] INFO  org.mule.config.spring.MuleArtifactContext - Closing org.mule.config.spring.MuleArtifactContext@4525e9e8: startup date [Thu Jun 11 01:49:38 IST 2020]; root of context hierarchy
2020-06-11 01:49:56,847 [Mule.app.deployer.monitor.1.thread.1] INFO  org.mule.DefaultMuleContext - 
**********************************************************************
* Application "jms_second_flow" shut down normally on: 11/6/20 1:49  *
* AM                                                                 *
* Up for: 0 days, 0 hours, 0 mins, 17.102 sec                        *
**********************************************************************
2020-06-11 01:49:57,076 [Mule.app.deployer.monitor.1.thread.1] INFO  org.mule.module.launcher.application.DefaultMuleApplication - 
++++++++++++++++++++++++++++++++++++++++++++++++++++++++++++
+ Initializing app 'jms_second_flow'                       +
++++++++++++++++++++++++++++++++++++++++++++++++++++++++++++
2020-06-11 01:49:57,135 [Mule.app.deployer.monitor.1.thread.1] INFO  org.mule.lifecycle.AbstractLifecycleManager - Initialising RegistryBroker
2020-06-11 01:49:57,165 [Mule.app.deployer.monitor.1.thread.1] INFO  org.mule.module.extension.internal.manager.DefaultExtensionManager - Starting discovery of extensions
2020-06-11 01:49:57,215 [Mule.app.deployer.monitor.1.thread.1] INFO  org.mule.module.extension.internal.manager.DefaultExtensionManager - Discovered 1 extensions
2020-06-11 01:49:57,215 [Mule.app.deployer.monitor.1.thread.1] INFO  org.mule.module.extension.internal.manager.DefaultExtensionManager - Registering extension validation (version 3.9)
2020-06-11 01:49:57,223 [Mule.app.deployer.monitor.1.thread.1] INFO  org.mule.config.spring.MuleArtifactContext - Refreshing org.mule.config.spring.MuleArtifactContext@4b3f25bb: startup date [Thu Jun 11 01:49:57 IST 2020]; root of context hierarchy
2020-06-11 01:49:57,855 [Mule.app.deployer.monitor.1.thread.1] INFO  org.mule.config.spring.processors.NoDevkitInjectorProcessor - JSR-330 'javax.inject.Inject' annotation found and supported for autowiring
2020-06-11 01:49:58,204 [Mule.app.deployer.monitor.1.thread.1] INFO  org.mule.util.journal.TransactionJournal - Using files for tx logs E:\mule-it\.mule\.\.mule\jms_second_flow\queue-tx-log\tx1.log and E:\mule-it\.mule\.\.mule\jms_second_flow\queue-tx-log\tx2.log
2020-06-11 01:49:58,205 [Mule.app.deployer.monitor.1.thread.1] INFO  org.mule.util.journal.TransactionJournal - Using files for tx logs E:\mule-it\.mule\.\.mule\jms_second_flow\queue-xa-tx-log\tx1.log and E:\mule-it\.mule\.\.mule\jms_second_flow\queue-xa-tx-log\tx2.log
2020-06-11 01:49:58,211 [Mule.app.deployer.monitor.1.thread.1] INFO  org.mule.lifecycle.AbstractLifecycleManager - Initialising connector: Active_MQ
2020-06-11 01:49:58,255 [Mule.app.deployer.monitor.1.thread.1] INFO  org.mule.lifecycle.AbstractLifecycleManager - Initialising connector: connector.file.mule.default
2020-06-11 01:49:58,311 [Mule.app.deployer.monitor.1.thread.1] INFO  org.mule.lifecycle.AbstractLifecycleManager - Initialising model: _muleSystemModel
2020-06-11 01:49:58,315 [Mule.app.deployer.monitor.1.thread.1] INFO  org.mule.construct.FlowConstructLifecycleManager - Initialising flow: jms_second_flowFlow
2020-06-11 01:49:58,317 [Mule.app.deployer.monitor.1.thread.1] INFO  org.mule.exception.DefaultMessagingExceptionStrategy - Initialising exception listener: org.mule.exception.DefaultMessagingExceptionStrategy@74e6184a
2020-06-11 01:49:58,327 [Mule.app.deployer.monitor.1.thread.1] INFO  org.mule.processor.SedaStageLifecycleManager - Initialising service: jms_second_flowFlow.stage1
2020-06-11 01:49:58,402 [Mule.app.deployer.monitor.1.thread.1] INFO  org.mule.config.spring.SpringXmlConfigurationBuilder - Configured Mule using "org.mule.config.spring.SpringXmlConfigurationBuilder" with configuration resource(s): "[ConfigResource{resourceName='E:\mule-it\.mule\apps\jms_second_flow\jms_second_flow.xml'}]"
2020-06-11 01:49:58,402 [Mule.app.deployer.monitor.1.thread.1] INFO  org.mule.config.builders.AutoConfigurationBuilder - Configured Mule using "org.mule.config.builders.AutoConfigurationBuilder" with configuration resource(s): "[ConfigResource{resourceName='E:\mule-it\.mule\apps\jms_second_flow\jms_second_flow.xml'}]"
2020-06-11 01:49:58,404 [Mule.app.deployer.monitor.1.thread.1] INFO  org.mule.module.launcher.application.DefaultMuleApplication - 
++++++++++++++++++++++++++++++++++++++++++++++++++++++++++++
+ Starting app 'jms_second_flow'                           +
++++++++++++++++++++++++++++++++++++++++++++++++++++++++++++
2020-06-11 01:49:58,411 [Mule.app.deployer.monitor.1.thread.1] INFO  org.mule.util.queue.QueueXaResourceManager - Starting ResourceManager
2020-06-11 01:49:58,411 [Mule.app.deployer.monitor.1.thread.1] INFO  org.mule.util.queue.QueueXaResourceManager - Started ResourceManager
2020-06-11 01:49:59,097 [Mule.app.deployer.monitor.1.thread.1] INFO  org.mule.transport.jms.activemq.ActiveMQJmsConnector - Connected: ActiveMQJmsConnector
{
  name=Active_MQ
  lifecycle=initialise
  this=5bcfe64a
  numberOfConcurrentTransactedReceivers=4
  createMultipleTransactedReceivers=true
  connected=true
  supportedProtocols=[jms]
  serviceOverrides=<none>
}

2020-06-11 01:49:59,097 [Mule.app.deployer.monitor.1.thread.1] INFO  org.mule.transport.jms.activemq.ActiveMQJmsConnector - Starting: ActiveMQJmsConnector
{
  name=Active_MQ
  lifecycle=initialise
  this=5bcfe64a
  numberOfConcurrentTransactedReceivers=4
  createMultipleTransactedReceivers=true
  connected=true
  supportedProtocols=[jms]
  serviceOverrides=<none>
}

2020-06-11 01:49:59,097 [Mule.app.deployer.monitor.1.thread.1] INFO  org.mule.lifecycle.AbstractLifecycleManager - Starting connector: Active_MQ
2020-06-11 01:49:59,097 [Mule.app.deployer.monitor.1.thread.1] INFO  org.mule.transport.file.FileConnector - Connected: FileConnector
{
  name=connector.file.mule.default
  lifecycle=initialise
  this=59fe24bd
  numberOfConcurrentTransactedReceivers=4
  createMultipleTransactedReceivers=true
  connected=true
  supportedProtocols=[file]
  serviceOverrides=<none>
}

2020-06-11 01:49:59,097 [Mule.app.deployer.monitor.1.thread.1] INFO  org.mule.transport.file.FileConnector - Starting: FileConnector
{
  name=connector.file.mule.default
  lifecycle=initialise
  this=59fe24bd
  numberOfConcurrentTransactedReceivers=4
  createMultipleTransactedReceivers=true
  connected=true
  supportedProtocols=[file]
  serviceOverrides=<none>
}

2020-06-11 01:49:59,097 [Mule.app.deployer.monitor.1.thread.1] INFO  org.mule.lifecycle.AbstractLifecycleManager - Starting connector: connector.file.mule.default
2020-06-11 01:49:59,105 [Mule.app.deployer.monitor.1.thread.1] INFO  org.mule.lifecycle.AbstractLifecycleManager - Starting model: _muleSystemModel
2020-06-11 01:49:59,108 [Mule.app.deployer.monitor.1.thread.1] INFO  org.mule.construct.FlowConstructLifecycleManager - Starting flow: jms_second_flowFlow
2020-06-11 01:49:59,108 [Mule.app.deployer.monitor.1.thread.1] INFO  org.mule.processor.SedaStageLifecycleManager - Starting service: jms_second_flowFlow.stage1
2020-06-11 01:49:59,124 [Mule.app.deployer.monitor.1.thread.1] INFO  org.mule.module.management.agent.WrapperManagerAgent - This JVM hasn't been launched by the wrapper, the agent will not run.
2020-06-11 01:49:59,131 [Mule.app.deployer.monitor.1.thread.1] INFO  org.mule.module.management.agent.AbstractJmxAgent - Registered Connector Service with name Mule.jms_second_flow:type=Connector,name="connector.file.mule.default"
2020-06-11 01:49:59,132 [Mule.app.deployer.monitor.1.thread.1] INFO  org.mule.module.management.agent.AbstractJmxAgent - Registered Connector Service with name Mule.jms_second_flow:type=Connector,name="Active_MQ"
2020-06-11 01:49:59,135 [Mule.app.deployer.monitor.1.thread.1] INFO  org.mule.DefaultMuleContext - 
**********************************************************************
* Application: jms_second_flow                                       *
* OS encoding: \, Mule encoding: UTF-8                               *
*                                                                    *
* Agents Running:                                                    *
*   Batch module default engine                                      *
*   JMX Agent                                                        *
*   Wrapper Manager                                                  *
**********************************************************************
2020-06-11 01:50:24,207 [Mule.app.deployer.monitor.1.thread.1] INFO  org.mule.module.launcher.application.DefaultMuleApplication - 
++++++++++++++++++++++++++++++++++++++++++++++++++++++++++++
+ Stopping app 'jms_second_flow'                           +
++++++++++++++++++++++++++++++++++++++++++++++++++++++++++++
2020-06-11 01:50:24,210 [Mule.app.deployer.monitor.1.thread.1] INFO  org.mule.construct.FlowConstructLifecycleManager - Stopping flow: jms_second_flowFlow
2020-06-11 01:50:24,210 [Mule.app.deployer.monitor.1.thread.1] INFO  org.mule.processor.SedaStageLifecycleManager - Stopping service: jms_second_flowFlow.stage1
2020-06-11 01:50:24,223 [Mule.app.deployer.monitor.1.thread.1] INFO  org.mule.lifecycle.AbstractLifecycleManager - Stopping model: _muleSystemModel
2020-06-11 01:50:24,228 [Mule.app.deployer.monitor.1.thread.1] INFO  org.mule.lifecycle.AbstractLifecycleManager - Stopping connector: Active_MQ
2020-06-11 01:50:24,229 [Mule.app.deployer.monitor.1.thread.1] INFO  org.mule.lifecycle.AbstractLifecycleManager - Stopping connector: connector.file.mule.default
2020-06-11 01:50:24,233 [Mule.app.deployer.monitor.1.thread.1] INFO  org.mule.util.queue.QueueXaResourceManager - Stopping ResourceManager
2020-06-11 01:50:24,233 [Mule.app.deployer.monitor.1.thread.1] INFO  org.mule.util.queue.QueueXaResourceManager - Stopped ResourceManager
2020-06-11 01:50:24,242 [Mule.app.deployer.monitor.1.thread.1] INFO  org.mule.module.launcher.application.DefaultMuleApplication - 
++++++++++++++++++++++++++++++++++++++++++++++++++++++++++++
+ Disposing app 'jms_second_flow'                          +
++++++++++++++++++++++++++++++++++++++++++++++++++++++++++++
2020-06-11 01:50:24,243 [Mule.app.deployer.monitor.1.thread.1] INFO  org.mule.lifecycle.AbstractLifecycleManager - Disposing RegistryBroker
2020-06-11 01:50:24,244 [Mule.app.deployer.monitor.1.thread.1] INFO  org.mule.construct.FlowConstructLifecycleManager - Disposing flow: jms_second_flowFlow
2020-06-11 01:50:24,244 [Mule.app.deployer.monitor.1.thread.1] INFO  org.mule.processor.SedaStageLifecycleManager - Disposing service: jms_second_flowFlow.stage1
2020-06-11 01:50:24,246 [Mule.app.deployer.monitor.1.thread.1] INFO  org.mule.lifecycle.AbstractLifecycleManager - Disposing model: _muleSystemModel
2020-06-11 01:50:24,297 [Mule.app.deployer.monitor.1.thread.1] INFO  org.mule.transport.jms.activemq.ActiveMQJmsConnector - Disconnected: ActiveMQJmsConnector
{
  name=Active_MQ
  lifecycle=stop
  this=5bcfe64a
  numberOfConcurrentTransactedReceivers=4
  createMultipleTransactedReceivers=true
  connected=true
  supportedProtocols=[jms]
  serviceOverrides=<none>
}

2020-06-11 01:50:24,298 [Mule.app.deployer.monitor.1.thread.1] INFO  org.mule.lifecycle.AbstractLifecycleManager - Disposing connector: Active_MQ
2020-06-11 01:50:24,298 [Mule.app.deployer.monitor.1.thread.1] INFO  org.mule.transport.file.FileConnector - Disconnected: FileConnector
{
  name=connector.file.mule.default
  lifecycle=stop
  this=59fe24bd
  numberOfConcurrentTransactedReceivers=4
  createMultipleTransactedReceivers=true
  connected=true
  supportedProtocols=[file]
  serviceOverrides=<none>
}

2020-06-11 01:50:24,299 [Mule.app.deployer.monitor.1.thread.1] INFO  org.mule.lifecycle.AbstractLifecycleManager - Disposing connector: connector.file.mule.default
2020-06-11 01:50:24,317 [Mule.app.deployer.monitor.1.thread.1] INFO  org.mule.config.spring.MuleArtifactContext - Closing org.mule.config.spring.MuleArtifactContext@4b3f25bb: startup date [Thu Jun 11 01:49:57 IST 2020]; root of context hierarchy
2020-06-11 01:50:24,321 [Mule.app.deployer.monitor.1.thread.1] INFO  org.mule.DefaultMuleContext - 
**********************************************************************
* Application "jms_second_flow" shut down normally on: 11/6/20 1:50  *
* AM                                                                 *
* Up for: 0 days, 0 hours, 0 mins, 25.916 sec                        *
**********************************************************************
2020-06-11 01:50:24,620 [Mule.app.deployer.monitor.1.thread.1] INFO  org.mule.module.launcher.application.DefaultMuleApplication - 
++++++++++++++++++++++++++++++++++++++++++++++++++++++++++++
+ Initializing app 'jms_second_flow'                       +
++++++++++++++++++++++++++++++++++++++++++++++++++++++++++++
2020-06-11 01:50:24,638 [Mule.app.deployer.monitor.1.thread.1] INFO  org.mule.lifecycle.AbstractLifecycleManager - Initialising RegistryBroker
2020-06-11 01:50:24,650 [Mule.app.deployer.monitor.1.thread.1] INFO  org.mule.module.extension.internal.manager.DefaultExtensionManager - Starting discovery of extensions
2020-06-11 01:50:24,683 [Mule.app.deployer.monitor.1.thread.1] INFO  org.mule.module.extension.internal.manager.DefaultExtensionManager - Discovered 1 extensions
2020-06-11 01:50:24,683 [Mule.app.deployer.monitor.1.thread.1] INFO  org.mule.module.extension.internal.manager.DefaultExtensionManager - Registering extension validation (version 3.9)
2020-06-11 01:50:24,688 [Mule.app.deployer.monitor.1.thread.1] INFO  org.mule.config.spring.MuleArtifactContext - Refreshing org.mule.config.spring.MuleArtifactContext@505bc537: startup date [Thu Jun 11 01:50:24 IST 2020]; root of context hierarchy
2020-06-11 01:50:27,387 [Mule.app.deployer.monitor.1.thread.1] INFO  org.mule.config.spring.processors.NoDevkitInjectorProcessor - JSR-330 'javax.inject.Inject' annotation found and supported for autowiring
2020-06-11 01:50:27,622 [Mule.app.deployer.monitor.1.thread.1] INFO  org.mule.util.journal.TransactionJournal - Using files for tx logs E:\mule-it\.mule\.\.mule\jms_second_flow\queue-tx-log\tx1.log and E:\mule-it\.mule\.\.mule\jms_second_flow\queue-tx-log\tx2.log
2020-06-11 01:50:27,624 [Mule.app.deployer.monitor.1.thread.1] INFO  org.mule.util.journal.TransactionJournal - Using files for tx logs E:\mule-it\.mule\.\.mule\jms_second_flow\queue-xa-tx-log\tx1.log and E:\mule-it\.mule\.\.mule\jms_second_flow\queue-xa-tx-log\tx2.log
2020-06-11 01:50:27,627 [Mule.app.deployer.monitor.1.thread.1] INFO  org.mule.lifecycle.AbstractLifecycleManager - Initialising connector: Active_MQ
2020-06-11 01:50:27,656 [Mule.app.deployer.monitor.1.thread.1] INFO  org.mule.lifecycle.AbstractLifecycleManager - Initialising connector: connector.file.mule.default
2020-06-11 01:50:27,713 [Mule.app.deployer.monitor.1.thread.1] INFO  org.mule.lifecycle.AbstractLifecycleManager - Initialising model: _muleSystemModel
2020-06-11 01:50:27,717 [Mule.app.deployer.monitor.1.thread.1] INFO  org.mule.construct.FlowConstructLifecycleManager - Initialising flow: jms_second_flowFlow
2020-06-11 01:50:27,717 [Mule.app.deployer.monitor.1.thread.1] INFO  org.mule.exception.DefaultMessagingExceptionStrategy - Initialising exception listener: org.mule.exception.DefaultMessagingExceptionStrategy@d87574c
2020-06-11 01:50:27,728 [Mule.app.deployer.monitor.1.thread.1] INFO  org.mule.processor.SedaStageLifecycleManager - Initialising service: jms_second_flowFlow.stage1
2020-06-11 01:50:27,793 [Mule.app.deployer.monitor.1.thread.1] INFO  org.mule.config.spring.SpringXmlConfigurationBuilder - Configured Mule using "org.mule.config.spring.SpringXmlConfigurationBuilder" with configuration resource(s): "[ConfigResource{resourceName='E:\mule-it\.mule\apps\jms_second_flow\jms_second_flow.xml'}]"
2020-06-11 01:50:27,794 [Mule.app.deployer.monitor.1.thread.1] INFO  org.mule.config.builders.AutoConfigurationBuilder - Configured Mule using "org.mule.config.builders.AutoConfigurationBuilder" with configuration resource(s): "[ConfigResource{resourceName='E:\mule-it\.mule\apps\jms_second_flow\jms_second_flow.xml'}]"
2020-06-11 01:50:27,798 [Mule.app.deployer.monitor.1.thread.1] INFO  org.mule.module.launcher.application.DefaultMuleApplication - 
++++++++++++++++++++++++++++++++++++++++++++++++++++++++++++
+ Starting app 'jms_second_flow'                           +
++++++++++++++++++++++++++++++++++++++++++++++++++++++++++++
2020-06-11 01:50:27,811 [Mule.app.deployer.monitor.1.thread.1] INFO  org.mule.util.queue.QueueXaResourceManager - Starting ResourceManager
2020-06-11 01:50:27,811 [Mule.app.deployer.monitor.1.thread.1] INFO  org.mule.util.queue.QueueXaResourceManager - Started ResourceManager
2020-06-11 01:50:28,459 [Mule.app.deployer.monitor.1.thread.1] INFO  org.mule.transport.jms.activemq.ActiveMQJmsConnector - Connected: ActiveMQJmsConnector
{
  name=Active_MQ
  lifecycle=initialise
  this=166a570a
  numberOfConcurrentTransactedReceivers=4
  createMultipleTransactedReceivers=true
  connected=true
  supportedProtocols=[jms]
  serviceOverrides=<none>
}

2020-06-11 01:50:28,459 [Mule.app.deployer.monitor.1.thread.1] INFO  org.mule.transport.jms.activemq.ActiveMQJmsConnector - Starting: ActiveMQJmsConnector
{
  name=Active_MQ
  lifecycle=initialise
  this=166a570a
  numberOfConcurrentTransactedReceivers=4
  createMultipleTransactedReceivers=true
  connected=true
  supportedProtocols=[jms]
  serviceOverrides=<none>
}

2020-06-11 01:50:28,460 [Mule.app.deployer.monitor.1.thread.1] INFO  org.mule.lifecycle.AbstractLifecycleManager - Starting connector: Active_MQ
2020-06-11 01:50:28,460 [Mule.app.deployer.monitor.1.thread.1] INFO  org.mule.transport.file.FileConnector - Connected: FileConnector
{
  name=connector.file.mule.default
  lifecycle=initialise
  this=64294782
  numberOfConcurrentTransactedReceivers=4
  createMultipleTransactedReceivers=true
  connected=true
  supportedProtocols=[file]
  serviceOverrides=<none>
}

2020-06-11 01:50:28,460 [Mule.app.deployer.monitor.1.thread.1] INFO  org.mule.transport.file.FileConnector - Starting: FileConnector
{
  name=connector.file.mule.default
  lifecycle=initialise
  this=64294782
  numberOfConcurrentTransactedReceivers=4
  createMultipleTransactedReceivers=true
  connected=true
  supportedProtocols=[file]
  serviceOverrides=<none>
}

2020-06-11 01:50:28,460 [Mule.app.deployer.monitor.1.thread.1] INFO  org.mule.lifecycle.AbstractLifecycleManager - Starting connector: connector.file.mule.default
2020-06-11 01:50:28,473 [Mule.app.deployer.monitor.1.thread.1] INFO  org.mule.lifecycle.AbstractLifecycleManager - Starting model: _muleSystemModel
2020-06-11 01:50:28,475 [Mule.app.deployer.monitor.1.thread.1] INFO  org.mule.construct.FlowConstructLifecycleManager - Starting flow: jms_second_flowFlow
2020-06-11 01:50:28,475 [Mule.app.deployer.monitor.1.thread.1] INFO  org.mule.processor.SedaStageLifecycleManager - Starting service: jms_second_flowFlow.stage1
2020-06-11 01:50:28,488 [Mule.app.deployer.monitor.1.thread.1] INFO  org.mule.transport.jms.activemq.ActiveMQJmsConnector - Registering listener: jms_second_flowFlow on endpointUri: jms://t1
2020-06-11 01:50:28,488 [Mule.app.deployer.monitor.1.thread.1] INFO  org.mule.transport.service.DefaultTransportServiceDescriptor - Loading default inbound transformer: org.mule.transport.jms.transformers.JMSMessageToObject
2020-06-11 01:50:28,489 [Mule.app.deployer.monitor.1.thread.1] INFO  org.mule.transport.service.DefaultTransportServiceDescriptor - Loading default response transformer: org.mule.transport.jms.transformers.ObjectToJMSMessage
2020-06-11 01:50:28,489 [Mule.app.deployer.monitor.1.thread.1] INFO  org.mule.lifecycle.AbstractLifecycleManager - Initialising: 'null'. Object is: MultiConsumerJmsMessageReceiver
2020-06-11 01:50:28,489 [Mule.app.deployer.monitor.1.thread.1] INFO  org.mule.transport.jms.MultiConsumerJmsMessageReceiver - Connecting clusterizable message receiver
2020-06-11 01:50:28,621 [Mule.app.deployer.monitor.1.thread.1] INFO  org.mule.transport.jms.MultiConsumerJmsMessageReceiver - Endpoint jms://t1 has been successfully reconnected.
2020-06-11 01:50:28,621 [Mule.app.deployer.monitor.1.thread.1] INFO  org.mule.lifecycle.AbstractLifecycleManager - Starting: 'null'. Object is: MultiConsumerJmsMessageReceiver
2020-06-11 01:50:28,621 [Mule.app.deployer.monitor.1.thread.1] INFO  org.mule.transport.jms.MultiConsumerJmsMessageReceiver - Starting clusterizable message receiver
2020-06-11 01:50:28,623 [Mule.app.deployer.monitor.1.thread.1] INFO  org.mule.module.management.agent.WrapperManagerAgent - This JVM hasn't been launched by the wrapper, the agent will not run.
2020-06-11 01:50:28,628 [Mule.app.deployer.monitor.1.thread.1] INFO  org.mule.module.management.agent.AbstractJmxAgent - Attempting to register service with name: Mule.jms_second_flow:type=Endpoint,service="jms_second_flowFlow",connector=Active_MQ,name="endpoint.jms.t1"
2020-06-11 01:50:28,628 [Mule.app.deployer.monitor.1.thread.1] INFO  org.mule.module.management.agent.AbstractJmxAgent - Registered Endpoint Service with name: Mule.jms_second_flow:type=Endpoint,service="jms_second_flowFlow",connector=Active_MQ,name="endpoint.jms.t1"
2020-06-11 01:50:28,629 [Mule.app.deployer.monitor.1.thread.1] INFO  org.mule.module.management.agent.AbstractJmxAgent - Registered Connector Service with name Mule.jms_second_flow:type=Connector,name="connector.file.mule.default"
2020-06-11 01:50:28,629 [Mule.app.deployer.monitor.1.thread.1] INFO  org.mule.module.management.agent.AbstractJmxAgent - Registered Connector Service with name Mule.jms_second_flow:type=Connector,name="Active_MQ"
2020-06-11 01:50:28,631 [Mule.app.deployer.monitor.1.thread.1] INFO  org.mule.DefaultMuleContext - 
**********************************************************************
* Application: jms_second_flow                                       *
* OS encoding: \, Mule encoding: UTF-8                               *
*                                                                    *
* Agents Running:                                                    *
*   Batch module default engine                                      *
*   JMX Agent                                                        *
*   Wrapper Manager                                                  *
**********************************************************************
2020-06-11 01:51:32,373 [main] INFO  org.mule.module.launcher.application.DefaultMuleApplication - 
++++++++++++++++++++++++++++++++++++++++++++++++++++++++++++
+ Initializing app 'jms_second_flow'                       +
++++++++++++++++++++++++++++++++++++++++++++++++++++++++++++
2020-06-11 01:51:32,397 [main] INFO  org.mule.lifecycle.AbstractLifecycleManager - Initialising RegistryBroker
2020-06-11 01:51:32,409 [main] INFO  org.mule.module.extension.internal.manager.DefaultExtensionManager - Starting discovery of extensions
2020-06-11 01:51:32,458 [main] INFO  org.mule.module.extension.internal.manager.DefaultExtensionManager - Discovered 1 extensions
2020-06-11 01:51:32,459 [main] INFO  org.mule.module.extension.internal.manager.DefaultExtensionManager - Registering extension validation (version 3.9)
2020-06-11 01:51:32,465 [main] INFO  org.mule.config.spring.MuleArtifactContext - Refreshing org.mule.config.spring.MuleArtifactContext@4525e9e8: startup date [Thu Jun 11 01:51:32 IST 2020]; root of context hierarchy
2020-06-11 01:51:33,422 [main] INFO  org.mule.config.spring.processors.NoDevkitInjectorProcessor - JSR-330 'javax.inject.Inject' annotation found and supported for autowiring
2020-06-11 01:51:34,355 [main] INFO  org.mule.util.journal.TransactionJournal - Using files for tx logs E:\mule-it\.mule\.\.mule\jms_second_flow\queue-tx-log\tx1.log and E:\mule-it\.mule\.\.mule\jms_second_flow\queue-tx-log\tx2.log
2020-06-11 01:51:34,360 [main] INFO  org.mule.util.journal.TransactionJournal - Using files for tx logs E:\mule-it\.mule\.\.mule\jms_second_flow\queue-xa-tx-log\tx1.log and E:\mule-it\.mule\.\.mule\jms_second_flow\queue-xa-tx-log\tx2.log
2020-06-11 01:51:34,366 [main] INFO  org.mule.lifecycle.AbstractLifecycleManager - Initialising connector: Active_MQ
2020-06-11 01:51:34,407 [main] INFO  org.mule.lifecycle.AbstractLifecycleManager - Initialising connector: connector.file.mule.default
2020-06-11 01:51:34,476 [main] INFO  org.mule.lifecycle.AbstractLifecycleManager - Initialising model: _muleSystemModel
2020-06-11 01:51:34,479 [main] INFO  org.mule.construct.FlowConstructLifecycleManager - Initialising flow: jms_second_flowFlow
2020-06-11 01:51:34,480 [main] INFO  org.mule.exception.DefaultMessagingExceptionStrategy - Initialising exception listener: org.mule.exception.DefaultMessagingExceptionStrategy@ad3f70a
2020-06-11 01:51:34,490 [main] INFO  org.mule.processor.SedaStageLifecycleManager - Initialising service: jms_second_flowFlow.stage1
2020-06-11 01:51:34,550 [main] INFO  org.mule.config.spring.SpringXmlConfigurationBuilder - Configured Mule using "org.mule.config.spring.SpringXmlConfigurationBuilder" with configuration resource(s): "[ConfigResource{resourceName='E:\mule-it\.mule\apps\jms_second_flow\jms_second_flow.xml'}]"
2020-06-11 01:51:34,550 [main] INFO  org.mule.config.builders.AutoConfigurationBuilder - Configured Mule using "org.mule.config.builders.AutoConfigurationBuilder" with configuration resource(s): "[ConfigResource{resourceName='E:\mule-it\.mule\apps\jms_second_flow\jms_second_flow.xml'}]"
2020-06-11 01:51:34,553 [main] INFO  org.mule.module.launcher.application.DefaultMuleApplication - 
++++++++++++++++++++++++++++++++++++++++++++++++++++++++++++
+ Starting app 'jms_second_flow'                           +
++++++++++++++++++++++++++++++++++++++++++++++++++++++++++++
2020-06-11 01:51:34,560 [main] INFO  org.mule.util.queue.QueueXaResourceManager - Starting ResourceManager
2020-06-11 01:51:34,560 [main] INFO  org.mule.util.queue.QueueXaResourceManager - Started ResourceManager
2020-06-11 01:51:35,249 [main] INFO  org.mule.transport.jms.activemq.ActiveMQJmsConnector - Connected: ActiveMQJmsConnector
{
  name=Active_MQ
  lifecycle=initialise
  this=4b4969ea
  numberOfConcurrentTransactedReceivers=4
  createMultipleTransactedReceivers=true
  connected=true
  supportedProtocols=[jms]
  serviceOverrides=<none>
}

2020-06-11 01:51:35,249 [main] INFO  org.mule.transport.jms.activemq.ActiveMQJmsConnector - Starting: ActiveMQJmsConnector
{
  name=Active_MQ
  lifecycle=initialise
  this=4b4969ea
  numberOfConcurrentTransactedReceivers=4
  createMultipleTransactedReceivers=true
  connected=true
  supportedProtocols=[jms]
  serviceOverrides=<none>
}

2020-06-11 01:51:35,249 [main] INFO  org.mule.lifecycle.AbstractLifecycleManager - Starting connector: Active_MQ
2020-06-11 01:51:35,249 [main] INFO  org.mule.transport.file.FileConnector - Connected: FileConnector
{
  name=connector.file.mule.default
  lifecycle=initialise
  this=72c4a3aa
  numberOfConcurrentTransactedReceivers=4
  createMultipleTransactedReceivers=true
  connected=true
  supportedProtocols=[file]
  serviceOverrides=<none>
}

2020-06-11 01:51:35,249 [main] INFO  org.mule.transport.file.FileConnector - Starting: FileConnector
{
  name=connector.file.mule.default
  lifecycle=initialise
  this=72c4a3aa
  numberOfConcurrentTransactedReceivers=4
  createMultipleTransactedReceivers=true
  connected=true
  supportedProtocols=[file]
  serviceOverrides=<none>
}

2020-06-11 01:51:35,250 [main] INFO  org.mule.lifecycle.AbstractLifecycleManager - Starting connector: connector.file.mule.default
2020-06-11 01:51:35,257 [main] INFO  org.mule.lifecycle.AbstractLifecycleManager - Starting model: _muleSystemModel
2020-06-11 01:51:35,260 [main] INFO  org.mule.construct.FlowConstructLifecycleManager - Starting flow: jms_second_flowFlow
2020-06-11 01:51:35,261 [main] INFO  org.mule.processor.SedaStageLifecycleManager - Starting service: jms_second_flowFlow.stage1
2020-06-11 01:51:35,298 [main] INFO  org.mule.transport.jms.activemq.ActiveMQJmsConnector - Registering listener: jms_second_flowFlow on endpointUri: jms://t1
2020-06-11 01:51:35,322 [main] INFO  org.mule.transport.service.DefaultTransportServiceDescriptor - Loading default inbound transformer: org.mule.transport.jms.transformers.JMSMessageToObject
2020-06-11 01:51:35,324 [main] INFO  org.mule.transport.service.DefaultTransportServiceDescriptor - Loading default response transformer: org.mule.transport.jms.transformers.ObjectToJMSMessage
2020-06-11 01:51:35,333 [main] INFO  org.mule.lifecycle.AbstractLifecycleManager - Initialising: 'null'. Object is: MultiConsumerJmsMessageReceiver
2020-06-11 01:51:35,337 [main] INFO  org.mule.transport.jms.MultiConsumerJmsMessageReceiver - Connecting clusterizable message receiver
2020-06-11 01:51:35,490 [main] INFO  org.mule.transport.jms.MultiConsumerJmsMessageReceiver - Endpoint jms://t1 has been successfully reconnected.
2020-06-11 01:51:35,491 [main] INFO  org.mule.lifecycle.AbstractLifecycleManager - Starting: 'null'. Object is: MultiConsumerJmsMessageReceiver
2020-06-11 01:51:35,491 [main] INFO  org.mule.transport.jms.MultiConsumerJmsMessageReceiver - Starting clusterizable message receiver
2020-06-11 01:51:35,502 [main] INFO  org.mule.module.management.agent.WrapperManagerAgent - This JVM hasn't been launched by the wrapper, the agent will not run.
2020-06-11 01:51:35,520 [main] INFO  org.mule.module.management.agent.AbstractJmxAgent - Attempting to register service with name: Mule.jms_second_flow:type=Endpoint,service="jms_second_flowFlow",connector=Active_MQ,name="endpoint.jms.t1"
2020-06-11 01:51:35,521 [main] INFO  org.mule.module.management.agent.AbstractJmxAgent - Registered Endpoint Service with name: Mule.jms_second_flow:type=Endpoint,service="jms_second_flowFlow",connector=Active_MQ,name="endpoint.jms.t1"
2020-06-11 01:51:35,522 [main] INFO  org.mule.module.management.agent.AbstractJmxAgent - Registered Connector Service with name Mule.jms_second_flow:type=Connector,name="connector.file.mule.default"
2020-06-11 01:51:35,523 [main] INFO  org.mule.module.management.agent.AbstractJmxAgent - Registered Connector Service with name Mule.jms_second_flow:type=Connector,name="Active_MQ"
2020-06-11 01:51:35,525 [main] INFO  org.mule.DefaultMuleContext - 
**********************************************************************
* Application: jms_second_flow                                       *
* OS encoding: \, Mule encoding: UTF-8                               *
*                                                                    *
* Agents Running:                                                    *
*   Batch module default engine                                      *
*   JMX Agent                                                        *
*   Wrapper Manager                                                  *
**********************************************************************
2020-06-11 01:55:33,710 [main] INFO  org.mule.module.launcher.application.DefaultMuleApplication - 
++++++++++++++++++++++++++++++++++++++++++++++++++++++++++++
+ Initializing app 'jms_second_flow'                       +
++++++++++++++++++++++++++++++++++++++++++++++++++++++++++++
2020-06-11 01:55:33,728 [main] INFO  org.mule.lifecycle.AbstractLifecycleManager - Initialising RegistryBroker
2020-06-11 01:55:33,735 [main] INFO  org.mule.module.extension.internal.manager.DefaultExtensionManager - Starting discovery of extensions
2020-06-11 01:55:33,778 [main] INFO  org.mule.module.extension.internal.manager.DefaultExtensionManager - Discovered 1 extensions
2020-06-11 01:55:33,779 [main] INFO  org.mule.module.extension.internal.manager.DefaultExtensionManager - Registering extension validation (version 3.9)
2020-06-11 01:55:33,786 [main] INFO  org.mule.config.spring.MuleArtifactContext - Refreshing org.mule.config.spring.MuleArtifactContext@6c33da7a: startup date [Thu Jun 11 01:55:33 IST 2020]; root of context hierarchy
2020-06-11 01:55:34,767 [main] INFO  org.mule.config.spring.processors.NoDevkitInjectorProcessor - JSR-330 'javax.inject.Inject' annotation found and supported for autowiring
2020-06-11 01:55:35,258 [main] INFO  org.mule.util.journal.TransactionJournal - Using files for tx logs E:\mule-it\.mule\.\.mule\jms_second_flow\queue-tx-log\tx1.log and E:\mule-it\.mule\.\.mule\jms_second_flow\queue-tx-log\tx2.log
2020-06-11 01:55:35,266 [main] INFO  org.mule.util.journal.TransactionJournal - Using files for tx logs E:\mule-it\.mule\.\.mule\jms_second_flow\queue-xa-tx-log\tx1.log and E:\mule-it\.mule\.\.mule\jms_second_flow\queue-xa-tx-log\tx2.log
2020-06-11 01:55:35,271 [main] INFO  org.mule.lifecycle.AbstractLifecycleManager - Initialising connector: Active_MQ
2020-06-11 01:55:35,309 [main] INFO  org.mule.lifecycle.AbstractLifecycleManager - Initialising connector: connector.file.mule.default
2020-06-11 01:55:35,377 [main] INFO  org.mule.lifecycle.AbstractLifecycleManager - Initialising model: _muleSystemModel
2020-06-11 01:55:35,381 [main] INFO  org.mule.construct.FlowConstructLifecycleManager - Initialising flow: jms_second_flowFlow
2020-06-11 01:55:35,381 [main] INFO  org.mule.exception.DefaultMessagingExceptionStrategy - Initialising exception listener: org.mule.exception.DefaultMessagingExceptionStrategy@9b2dc56
2020-06-11 01:55:35,393 [main] INFO  org.mule.processor.SedaStageLifecycleManager - Initialising service: jms_second_flowFlow.stage1
2020-06-11 01:55:35,468 [main] INFO  org.mule.config.spring.SpringXmlConfigurationBuilder - Configured Mule using "org.mule.config.spring.SpringXmlConfigurationBuilder" with configuration resource(s): "[ConfigResource{resourceName='E:\mule-it\.mule\apps\jms_second_flow\jms_second_flow.xml'}]"
2020-06-11 01:55:35,468 [main] INFO  org.mule.config.builders.AutoConfigurationBuilder - Configured Mule using "org.mule.config.builders.AutoConfigurationBuilder" with configuration resource(s): "[ConfigResource{resourceName='E:\mule-it\.mule\apps\jms_second_flow\jms_second_flow.xml'}]"
2020-06-11 01:55:35,471 [main] INFO  org.mule.module.launcher.application.DefaultMuleApplication - 
++++++++++++++++++++++++++++++++++++++++++++++++++++++++++++
+ Starting app 'jms_second_flow'                           +
++++++++++++++++++++++++++++++++++++++++++++++++++++++++++++
2020-06-11 01:55:35,478 [main] INFO  org.mule.util.queue.QueueXaResourceManager - Starting ResourceManager
2020-06-11 01:55:35,478 [main] INFO  org.mule.util.queue.QueueXaResourceManager - Started ResourceManager
2020-06-11 01:55:36,187 [main] INFO  org.mule.transport.jms.activemq.ActiveMQJmsConnector - Connected: ActiveMQJmsConnector
{
  name=Active_MQ
  lifecycle=initialise
  this=256589a1
  numberOfConcurrentTransactedReceivers=4
  createMultipleTransactedReceivers=true
  connected=true
  supportedProtocols=[jms]
  serviceOverrides=<none>
}

2020-06-11 01:55:36,188 [main] INFO  org.mule.transport.jms.activemq.ActiveMQJmsConnector - Starting: ActiveMQJmsConnector
{
  name=Active_MQ
  lifecycle=initialise
  this=256589a1
  numberOfConcurrentTransactedReceivers=4
  createMultipleTransactedReceivers=true
  connected=true
  supportedProtocols=[jms]
  serviceOverrides=<none>
}

2020-06-11 01:55:36,188 [main] INFO  org.mule.lifecycle.AbstractLifecycleManager - Starting connector: Active_MQ
2020-06-11 01:55:36,188 [main] INFO  org.mule.transport.file.FileConnector - Connected: FileConnector
{
  name=connector.file.mule.default
  lifecycle=initialise
  this=3711c71c
  numberOfConcurrentTransactedReceivers=4
  createMultipleTransactedReceivers=true
  connected=true
  supportedProtocols=[file]
  serviceOverrides=<none>
}

2020-06-11 01:55:36,188 [main] INFO  org.mule.transport.file.FileConnector - Starting: FileConnector
{
  name=connector.file.mule.default
  lifecycle=initialise
  this=3711c71c
  numberOfConcurrentTransactedReceivers=4
  createMultipleTransactedReceivers=true
  connected=true
  supportedProtocols=[file]
  serviceOverrides=<none>
}

2020-06-11 01:55:36,188 [main] INFO  org.mule.lifecycle.AbstractLifecycleManager - Starting connector: connector.file.mule.default
2020-06-11 01:55:36,198 [main] INFO  org.mule.lifecycle.AbstractLifecycleManager - Starting model: _muleSystemModel
2020-06-11 01:55:36,200 [main] INFO  org.mule.construct.FlowConstructLifecycleManager - Starting flow: jms_second_flowFlow
2020-06-11 01:55:36,200 [main] INFO  org.mule.processor.SedaStageLifecycleManager - Starting service: jms_second_flowFlow.stage1
2020-06-11 01:55:36,225 [main] INFO  org.mule.transport.jms.activemq.ActiveMQJmsConnector - Registering listener: jms_second_flowFlow on endpointUri: jms://t1
2020-06-11 01:55:36,252 [main] INFO  org.mule.transport.service.DefaultTransportServiceDescriptor - Loading default inbound transformer: org.mule.transport.jms.transformers.JMSMessageToObject
2020-06-11 01:55:36,253 [main] INFO  org.mule.transport.service.DefaultTransportServiceDescriptor - Loading default response transformer: org.mule.transport.jms.transformers.ObjectToJMSMessage
2020-06-11 01:55:36,269 [main] INFO  org.mule.lifecycle.AbstractLifecycleManager - Initialising: 'null'. Object is: MultiConsumerJmsMessageReceiver
2020-06-11 01:55:36,273 [main] INFO  org.mule.transport.jms.MultiConsumerJmsMessageReceiver - Connecting clusterizable message receiver
2020-06-11 01:55:36,468 [main] INFO  org.mule.transport.jms.MultiConsumerJmsMessageReceiver - Endpoint jms://t1 has been successfully reconnected.
2020-06-11 01:55:36,469 [main] INFO  org.mule.lifecycle.AbstractLifecycleManager - Starting: 'null'. Object is: MultiConsumerJmsMessageReceiver
2020-06-11 01:55:36,470 [main] INFO  org.mule.transport.jms.MultiConsumerJmsMessageReceiver - Starting clusterizable message receiver
2020-06-11 01:55:36,495 [main] INFO  org.mule.module.management.agent.WrapperManagerAgent - This JVM hasn't been launched by the wrapper, the agent will not run.
2020-06-11 01:55:36,566 [main] INFO  org.mule.module.management.agent.AbstractJmxAgent - Attempting to register service with name: Mule.jms_second_flow:type=Endpoint,service="jms_second_flowFlow",connector=Active_MQ,name="endpoint.jms.t1"
2020-06-11 01:55:36,569 [main] INFO  org.mule.module.management.agent.AbstractJmxAgent - Registered Endpoint Service with name: Mule.jms_second_flow:type=Endpoint,service="jms_second_flowFlow",connector=Active_MQ,name="endpoint.jms.t1"
2020-06-11 01:55:36,579 [main] INFO  org.mule.module.management.agent.AbstractJmxAgent - Registered Connector Service with name Mule.jms_second_flow:type=Connector,name="connector.file.mule.default"
2020-06-11 01:55:36,580 [main] INFO  org.mule.module.management.agent.AbstractJmxAgent - Registered Connector Service with name Mule.jms_second_flow:type=Connector,name="Active_MQ"
2020-06-11 01:55:36,582 [main] INFO  org.mule.DefaultMuleContext - 
**********************************************************************
* Application: jms_second_flow                                       *
* OS encoding: \, Mule encoding: UTF-8                               *
*                                                                    *
* Agents Running:                                                    *
*   Batch module default engine                                      *
*   JMX Agent                                                        *
*   Wrapper Manager                                                  *
**********************************************************************
2020-06-11 01:55:36,596 [ActiveMQ Session Task-1] WARN  org.mule.session.SerializeAndEncodeSessionHandler - Trying to deserialize a session but no signature validation key specified.
2020-06-11 01:55:36,637 [ActiveMQ Session Task-1] WARN  org.mule.session.SerializeAndEncodeSessionHandler - Trying to deserialize a session but no signature validation key specified.
2020-06-11 01:55:36,718 [[jms_second_flow].jms_second_flowFlow.stage1.02] INFO  org.mule.api.processor.LoggerMessageProcessor - second_flow started...
2020-06-11 01:55:36,724 [[jms_second_flow].connector.file.mule.default.dispatcher.01] INFO  org.mule.lifecycle.AbstractLifecycleManager - Initialising: 'connector.file.mule.default.dispatcher.16803823'. Object is: FileMessageDispatcher
2020-06-11 01:55:36,747 [[jms_second_flow].connector.file.mule.default.dispatcher.01] INFO  org.mule.lifecycle.AbstractLifecycleManager - Starting: 'connector.file.mule.default.dispatcher.16803823'. Object is: FileMessageDispatcher
2020-06-11 01:55:36,797 [[jms_second_flow].connector.file.mule.default.dispatcher.01] INFO  org.mule.transport.file.FileConnector - Writing file to: E:\mule-it\jms_producer\jms_file\23101617957304.json
2020-06-11 01:55:55,564 [ActiveMQ Session Task-1] WARN  org.mule.session.SerializeAndEncodeSessionHandler - Trying to deserialize a session but no signature validation key specified.
2020-06-11 01:55:55,565 [ActiveMQ Session Task-1] WARN  org.mule.session.SerializeAndEncodeSessionHandler - Trying to deserialize a session but no signature validation key specified.
2020-06-11 01:55:55,575 [[jms_second_flow].jms_second_flowFlow.stage1.02] INFO  org.mule.api.processor.LoggerMessageProcessor - second_flow started...
2020-06-11 01:55:55,603 [[jms_second_flow].connector.file.mule.default.dispatcher.01] INFO  org.mule.transport.file.FileConnector - Writing file to: E:\mule-it\jms_producer\jms_file\23120437163426.json
2020-06-11 01:58:27,160 [ActiveMQ Session Task-3] WARN  org.mule.session.SerializeAndEncodeSessionHandler - Trying to deserialize a session but no signature validation key specified.
2020-06-11 01:58:27,160 [ActiveMQ Session Task-3] WARN  org.mule.session.SerializeAndEncodeSessionHandler - Trying to deserialize a session but no signature validation key specified.
2020-06-11 01:58:27,187 [[jms_second_flow].jms_second_flowFlow.stage1.03] INFO  org.mule.api.processor.LoggerMessageProcessor - second_flow started...
2020-06-11 01:58:27,211 [[jms_second_flow].connector.file.mule.default.dispatcher.01] INFO  org.mule.transport.file.FileConnector - Writing file to: E:\mule-it\jms_producer\jms_file\23272042435383.json
2020-06-11 02:00:34,727 [ActiveMQ Session Task-4] WARN  org.mule.session.SerializeAndEncodeSessionHandler - Trying to deserialize a session but no signature validation key specified.
2020-06-11 02:00:34,728 [ActiveMQ Session Task-4] WARN  org.mule.session.SerializeAndEncodeSessionHandler - Trying to deserialize a session but no signature validation key specified.
2020-06-11 02:00:34,765 [[jms_second_flow].jms_second_flowFlow.stage1.04] INFO  org.mule.api.processor.LoggerMessageProcessor - second_flow started...
2020-06-11 02:00:34,793 [[jms_second_flow].connector.file.mule.default.dispatcher.01] INFO  org.mule.transport.file.FileConnector - Writing file to: E:\mule-it\jms_producer\jms_file\23399626537726.json
2020-06-11 02:01:21,718 [ActiveMQ Session Task-5] WARN  org.mule.session.SerializeAndEncodeSessionHandler - Trying to deserialize a session but no signature validation key specified.
2020-06-11 02:01:21,718 [ActiveMQ Session Task-5] WARN  org.mule.session.SerializeAndEncodeSessionHandler - Trying to deserialize a session but no signature validation key specified.
2020-06-11 02:01:21,729 [[jms_second_flow].jms_second_flowFlow.stage1.04] INFO  org.mule.api.processor.LoggerMessageProcessor - second_flow started...
2020-06-11 02:01:21,743 [[jms_second_flow].connector.file.mule.default.dispatcher.01] INFO  org.mule.transport.file.FileConnector - Writing file to: E:\mule-it\jms_producer\jms_file\23446571323542.json
